#
# There is insufficient memory for the Java Runtime Environment to continue.
# Native memory allocation (malloc) failed to allocate 135376 bytes for Chunk::new
# Possible reasons:
#   The system is out of physical RAM or swap space
#   The process is running with CompressedOops enabled, and the Java Heap may be blocking the growth of the native heap
# Possible solutions:
#   Reduce memory load on the system
#   Increase physical memory or swap space
#   Check if swap backing store is full
#   Decrease Java heap size (-Xmx/-Xms)
#   Decrease number of Java threads
#   Decrease Java thread stack sizes (-Xss)
#   Set larger code cache with -XX:ReservedCodeCacheSize=
#   JVM is running with Unscaled Compressed Oops mode in which the Java heap is
#     placed in the first 4GB address space. The Java Heap base address is the
#     maximum limit for the native heap growth. Please use -XX:HeapBaseMinAddress
#     to set the Java Heap base and to place the Java Heap above 4GB virtual address.
# This output file may be truncated or incomplete.
#
#  Out of Memory Error (src/hotspot/share/memory/arena.cpp:197), pid=6332, tid=14548
#
# JRE version: OpenJDK Runtime Environment (11.0.15) (build 11.0.15+0-b2043.56-9505619)
# Java VM: OpenJDK 64-Bit Server VM (11.0.15+0-b2043.56-9505619, mixed mode, tiered, compressed oops, g1 gc, windows-amd64)
# No core dump will be written. Minidumps are not enabled by default on client versions of Windows
#

---------------  S U M M A R Y ------------

Command Line: -XX:MaxMetaspaceSize=512m --add-opens=java.base/java.util=ALL-UNNAMED --add-opens=java.base/java.lang=ALL-UNNAMED --add-opens=java.base/java.lang.invoke=ALL-UNNAMED --add-opens=java.base/java.util=ALL-UNNAMED --add-opens=java.prefs/java.util.prefs=ALL-UNNAMED --add-opens=java.prefs/java.util.prefs=ALL-UNNAMED --add-opens=java.base/java.nio.charset=ALL-UNNAMED --add-opens=java.base/java.net=ALL-UNNAMED --add-opens=java.base/java.util.concurrent.atomic=ALL-UNNAMED -Xmx2048m -Dfile.encoding=windows-1252 -Duser.country=US -Duser.language=en -Duser.variant org.gradle.launcher.daemon.bootstrap.GradleDaemon 7.5.1

Host: Intel(R) Core(TM) i3-1005G1 CPU @ 1.20GHz, 4 cores, 7G,  Windows 11 , 64 bit Build 22621 (10.0.22621.1485)
Time: Sun Apr 23 01:47:11 2023 India Standard Time elapsed time: 220.700942 seconds (0d 0h 3m 40s)

---------------  T H R E A D  ---------------

Current thread (0x000001f869134800):  JavaThread "C2 CompilerThread0" daemon [_thread_in_native, id=14548, stack(0x0000006c6f300000,0x0000006c6f400000)]


Current CompileTask:
C2: 220701 13942       4       jdk.internal.reflect.NativeMethodAccessorImpl::invoke (104 bytes)

Stack: [0x0000006c6f300000,0x0000006c6f400000]
Native frames: (J=compiled Java code, j=interpreted, Vv=VM code, C=native code)
V  [jvm.dll+0x64135a]
V  [jvm.dll+0x7d39f9]
V  [jvm.dll+0x7d51b9]
V  [jvm.dll+0x7d58a3]
V  [jvm.dll+0x2691c5]
V  [jvm.dll+0xc1a5c]
V  [jvm.dll+0xc200c]
V  [jvm.dll+0x3774a7]
V  [jvm.dll+0x342495]
V  [jvm.dll+0x34186a]
V  [jvm.dll+0x2214bd]
V  [jvm.dll+0x220498]
V  [jvm.dll+0x19e851]
V  [jvm.dll+0x230479]
V  [jvm.dll+0x22e5ef]
V  [jvm.dll+0x794de1]
V  [jvm.dll+0x78dc24]
V  [jvm.dll+0x6400f6]
C  [ucrtbase.dll+0x29363]
C  [KERNEL32.DLL+0x1269d]
C  [ntdll.dll+0x5a9f8]


---------------  P R O C E S S  ---------------

Threads class SMR info:
_java_thread_list=0x000001f874891b00, length=84, elements={
0x000001f84d5ae000, 0x000001f869111800, 0x000001f869112800, 0x000001f86912f000,
0x000001f869131800, 0x000001f869132800, 0x000001f869134800, 0x000001f869139000,
0x000001f86916a800, 0x000001f869bfb800, 0x000001f86b8a5800, 0x000001f86b985000,
0x000001f86b01f000, 0x000001f86b632800, 0x000001f86b367800, 0x000001f86b006800,
0x000001f86aa62800, 0x000001f86b39f000, 0x000001f86a0d9000, 0x000001f869f61000,
0x000001f869f61800, 0x000001f869f60000, 0x000001f869f62800, 0x000001f869f5f800,
0x000001f869f63800, 0x000001f869f64000, 0x000001f869f5e800, 0x000001f869f65000,
0x000001f86abeb800, 0x000001f86abe7800, 0x000001f86abe8000, 0x000001f86abe9000,
0x000001f86abea800, 0x000001f86abec800, 0x000001f86abef800, 0x000001f86abf0800,
0x000001f86abf2000, 0x000001f86abed000, 0x000001f86abf3000, 0x000001f86abf3800,
0x000001f86abee000, 0x000001f86abf1000, 0x000001f86abf4800, 0x000001f86abef000,
0x000001f86abf5800, 0x000001f8702b7000, 0x000001f8702b3000, 0x000001f8702b3800,
0x000001f8702b2000, 0x000001f8702b8800, 0x000001f8702b6000, 0x000001f8702b9800,
0x000001f8702b4800, 0x000001f8702b5800, 0x000001f8702ba000, 0x000001f8702bb000,
0x000001f8702bc000, 0x000001f8702b7800, 0x000001f8702bd800, 0x000001f8702bc800,
0x000001f8702be000, 0x000001f8702bf000, 0x000001f8702c0000, 0x000001f8702c0800,
0x000001f87035a800, 0x000001f87035c000, 0x000001f870358800, 0x000001f870356800,
0x000001f87035d000, 0x000001f870357000, 0x000001f870359800, 0x000001f87035e800,
0x000001f870360000, 0x000001f870362800, 0x000001f87035f000, 0x000001f870361800,
0x000001f870363800, 0x000001f870361000, 0x000001f87035d800, 0x000001f870365000,
0x000001f870364000, 0x000001f8709b2000, 0x000001f8709b3800, 0x000001f8709b2800
}

Java Threads: ( => current thread )
  0x000001f84d5ae000 JavaThread "main" [_thread_blocked, id=12344, stack(0x0000006c6e700000,0x0000006c6e800000)]
  0x000001f869111800 JavaThread "Reference Handler" daemon [_thread_blocked, id=16812, stack(0x0000006c6ee00000,0x0000006c6ef00000)]
  0x000001f869112800 JavaThread "Finalizer" daemon [_thread_blocked, id=18204, stack(0x0000006c6ef00000,0x0000006c6f000000)]
  0x000001f86912f000 JavaThread "Signal Dispatcher" daemon [_thread_blocked, id=19264, stack(0x0000006c6f000000,0x0000006c6f100000)]
  0x000001f869131800 JavaThread "Attach Listener" daemon [_thread_blocked, id=3244, stack(0x0000006c6f100000,0x0000006c6f200000)]
  0x000001f869132800 JavaThread "Service Thread" daemon [_thread_blocked, id=18528, stack(0x0000006c6f200000,0x0000006c6f300000)]
=>0x000001f869134800 JavaThread "C2 CompilerThread0" daemon [_thread_in_native, id=14548, stack(0x0000006c6f300000,0x0000006c6f400000)]
  0x000001f869139000 JavaThread "C1 CompilerThread0" daemon [_thread_blocked, id=6644, stack(0x0000006c6f400000,0x0000006c6f500000)]
  0x000001f86916a800 JavaThread "Sweeper thread" daemon [_thread_blocked, id=14360, stack(0x0000006c6f500000,0x0000006c6f600000)]
  0x000001f869bfb800 JavaThread "Common-Cleaner" daemon [_thread_blocked, id=18608, stack(0x0000006c6f600000,0x0000006c6f700000)]
  0x000001f86b8a5800 JavaThread "Daemon health stats" [_thread_blocked, id=6996, stack(0x0000006c6f900000,0x0000006c6fa00000)]
  0x000001f86b985000 JavaThread "Incoming local TCP Connector on port 61815" [_thread_in_native, id=11792, stack(0x0000006c6fa00000,0x0000006c6fb00000)]
  0x000001f86b01f000 JavaThread "Daemon periodic checks" [_thread_blocked, id=6992, stack(0x0000006c6fb00000,0x0000006c6fc00000)]
  0x000001f86b632800 JavaThread "Daemon" [_thread_blocked, id=15440, stack(0x0000006c6fc00000,0x0000006c6fd00000)]
  0x000001f86b367800 JavaThread "Handler for socket connection from /127.0.0.1:61815 to /127.0.0.1:61817" [_thread_in_native, id=19072, stack(0x0000006c6fd00000,0x0000006c6fe00000)]
  0x000001f86b006800 JavaThread "Cancel handler" [_thread_blocked, id=17548, stack(0x0000006c6fe00000,0x0000006c6ff00000)]
  0x000001f86aa62800 JavaThread "Daemon worker" [_thread_in_Java, id=18004, stack(0x0000006c6ff00000,0x0000006c70000000)]
  0x000001f86b39f000 JavaThread "Asynchronous log dispatcher for DefaultDaemonConnection: socket connection from /127.0.0.1:61815 to /127.0.0.1:61817" [_thread_blocked, id=15924, stack(0x0000006c70000000,0x0000006c70100000)]
  0x000001f86a0d9000 JavaThread "Daemon client event forwarder" [_thread_blocked, id=1936, stack(0x0000006c70500000,0x0000006c70600000)]
  0x000001f869f61000 JavaThread "Cache worker for journal cache (C:\Users\jhajh\.gradle\caches\journal-1)" [_thread_blocked, id=10164, stack(0x0000006c70600000,0x0000006c70700000)]
  0x000001f869f61800 JavaThread "File lock request listener" [_thread_in_native, id=14504, stack(0x0000006c70700000,0x0000006c70800000)]
  0x000001f869f60000 JavaThread "Cache worker for file hash cache (C:\Users\jhajh\.gradle\caches\7.5.1\fileHashes)" [_thread_blocked, id=10488, stack(0x0000006c70800000,0x0000006c70900000)]
  0x000001f869f62800 JavaThread "File watcher server" daemon [_thread_in_native, id=16256, stack(0x0000006c70900000,0x0000006c70a00000)]
  0x000001f869f5f800 JavaThread "File watcher consumer" daemon [_thread_blocked, id=5764, stack(0x0000006c70a00000,0x0000006c70b00000)]
  0x000001f869f63800 JavaThread "Cache worker for checksums cache (C:\Users\jhajh\Documents\GitHub\mobile-app\main\android\.gradle\7.5.1\checksums)" [_thread_blocked, id=13460, stack(0x0000006c70b00000,0x0000006c70c00000)]
  0x000001f869f64000 JavaThread "Cache worker for cache directory md-rule (C:\Users\jhajh\.gradle\caches\7.5.1\md-rule)" [_thread_blocked, id=8296, stack(0x0000006c70c00000,0x0000006c70d00000)]
  0x000001f869f5e800 JavaThread "Cache worker for file content cache (C:\Users\jhajh\.gradle\caches\7.5.1\fileContent)" [_thread_blocked, id=4720, stack(0x0000006c70d00000,0x0000006c70e00000)]
  0x000001f869f65000 JavaThread "Cache worker for file hash cache (C:\Users\jhajh\Documents\GitHub\mobile-app\main\android\.gradle\7.5.1\fileHashes)" [_thread_blocked, id=8800, stack(0x0000006c70e00000,0x0000006c70f00000)]
  0x000001f86abeb800 JavaThread "Cache worker for cache directory md-supplier (C:\Users\jhajh\.gradle\caches\7.5.1\md-supplier)" [_thread_blocked, id=13352, stack(0x0000006c70f00000,0x0000006c71000000)]
  0x000001f86abe7800 JavaThread "Cache worker for execution history cache (C:\Users\jhajh\.gradle\caches\7.5.1\executionHistory)" [_thread_blocked, id=13732, stack(0x0000006c71000000,0x0000006c71100000)]
  0x000001f86abe8000 JavaThread "jar transforms" [_thread_blocked, id=7372, stack(0x0000006c71100000,0x0000006c71200000)]
  0x000001f86abe9000 JavaThread "jar transforms Thread 2" [_thread_blocked, id=16644, stack(0x0000006c71200000,0x0000006c71300000)]
  0x000001f86abea800 JavaThread "jar transforms Thread 3" [_thread_blocked, id=6264, stack(0x0000006c71300000,0x0000006c71400000)]
  0x000001f86abec800 JavaThread "jar transforms Thread 4" [_thread_blocked, id=10400, stack(0x0000006c71400000,0x0000006c71500000)]
  0x000001f86abef800 JavaThread "Cache worker for kotlin-dsl (C:\Users\jhajh\.gradle\caches\7.5.1\kotlin-dsl)" [_thread_blocked, id=8532, stack(0x0000006c6e500000,0x0000006c6e600000)]
  0x000001f86abf0800 JavaThread "Cache worker for dependencies-accessors (C:\Users\jhajh\Documents\GitHub\mobile-app\main\android\.gradle\7.5.1\dependencies-accessors)" [_thread_blocked, id=16984, stack(0x0000006c6e600000,0x0000006c6e700000)]
  0x000001f86abf2000 JavaThread "Cache worker for Build Output Cleanup Cache (C:\Users\jhajh\Documents\GitHub\mobile-app\main\node_modules\react-native-gradle-plugin\.gradle\buildOutputCleanup)" [_thread_blocked, id=11836, stack(0x0000006c70100000,0x0000006c70200000)]
  0x000001f86abed000 JavaThread "Unconstrained build operations" [_thread_blocked, id=18176, stack(0x0000006c71700000,0x0000006c71800000)]
  0x000001f86abf3000 JavaThread "Unconstrained build operations Thread 2" [_thread_blocked, id=17300, stack(0x0000006c71800000,0x0000006c71900000)]
  0x000001f86abf3800 JavaThread "Unconstrained build operations Thread 3" [_thread_blocked, id=16600, stack(0x0000006c71900000,0x0000006c71a00000)]
  0x000001f86abee000 JavaThread "Unconstrained build operations Thread 4" [_thread_blocked, id=18620, stack(0x0000006c71a00000,0x0000006c71b00000)]
  0x000001f86abf1000 JavaThread "Unconstrained build operations Thread 5" [_thread_blocked, id=14720, stack(0x0000006c71b00000,0x0000006c71c00000)]
  0x000001f86abf4800 JavaThread "Unconstrained build operations Thread 6" [_thread_blocked, id=3992, stack(0x0000006c71c00000,0x0000006c71d00000)]
  0x000001f86abef000 JavaThread "Unconstrained build operations Thread 7" [_thread_blocked, id=16724, stack(0x0000006c71d00000,0x0000006c71e00000)]
  0x000001f86abf5800 JavaThread "Unconstrained build operations Thread 8" [_thread_blocked, id=13028, stack(0x0000006c71e00000,0x0000006c71f00000)]
  0x000001f8702b7000 JavaThread "Unconstrained build operations Thread 9" [_thread_blocked, id=10544, stack(0x0000006c71f00000,0x0000006c72000000)]
  0x000001f8702b3000 JavaThread "Unconstrained build operations Thread 10" [_thread_blocked, id=17196, stack(0x0000006c72000000,0x0000006c72100000)]
  0x000001f8702b3800 JavaThread "Unconstrained build operations Thread 11" [_thread_blocked, id=17688, stack(0x0000006c72100000,0x0000006c72200000)]
  0x000001f8702b2000 JavaThread "Unconstrained build operations Thread 12" [_thread_blocked, id=17876, stack(0x0000006c72200000,0x0000006c72300000)]
  0x000001f8702b8800 JavaThread "Unconstrained build operations Thread 13" [_thread_blocked, id=14988, stack(0x0000006c72300000,0x0000006c72400000)]
  0x000001f8702b6000 JavaThread "Unconstrained build operations Thread 14" [_thread_blocked, id=2056, stack(0x0000006c72400000,0x0000006c72500000)]
  0x000001f8702b9800 JavaThread "Unconstrained build operations Thread 15" [_thread_blocked, id=8572, stack(0x0000006c72500000,0x0000006c72600000)]
  0x000001f8702b4800 JavaThread "Unconstrained build operations Thread 16" [_thread_blocked, id=2996, stack(0x0000006c72600000,0x0000006c72700000)]
  0x000001f8702b5800 JavaThread "Unconstrained build operations Thread 17" [_thread_blocked, id=3836, stack(0x0000006c72700000,0x0000006c72800000)]
  0x000001f8702ba000 JavaThread "Unconstrained build operations Thread 18" [_thread_blocked, id=16408, stack(0x0000006c72800000,0x0000006c72900000)]
  0x000001f8702bb000 JavaThread "Unconstrained build operations Thread 19" [_thread_blocked, id=10396, stack(0x0000006c72900000,0x0000006c72a00000)]
  0x000001f8702bc000 JavaThread "Unconstrained build operations Thread 20" [_thread_blocked, id=15768, stack(0x0000006c72a00000,0x0000006c72b00000)]
  0x000001f8702b7800 JavaThread "Unconstrained build operations Thread 21" [_thread_blocked, id=17416, stack(0x0000006c72b00000,0x0000006c72c00000)]
  0x000001f8702bd800 JavaThread "Unconstrained build operations Thread 22" [_thread_blocked, id=15992, stack(0x0000006c72c00000,0x0000006c72d00000)]
  0x000001f8702bc800 JavaThread "Unconstrained build operations Thread 23" [_thread_blocked, id=16048, stack(0x0000006c72d00000,0x0000006c72e00000)]
  0x000001f8702be000 JavaThread "Unconstrained build operations Thread 24" [_thread_blocked, id=13876, stack(0x0000006c72e00000,0x0000006c72f00000)]
  0x000001f8702bf000 JavaThread "Unconstrained build operations Thread 25" [_thread_blocked, id=9348, stack(0x0000006c72f00000,0x0000006c73000000)]
  0x000001f8702c0000 JavaThread "Unconstrained build operations Thread 26" [_thread_blocked, id=17804, stack(0x0000006c73000000,0x0000006c73100000)]
  0x000001f8702c0800 JavaThread "Unconstrained build operations Thread 27" [_thread_blocked, id=15592, stack(0x0000006c73100000,0x0000006c73200000)]
  0x000001f87035a800 JavaThread "Unconstrained build operations Thread 28" [_thread_blocked, id=13992, stack(0x0000006c73200000,0x0000006c73300000)]
  0x000001f87035c000 JavaThread "Unconstrained build operations Thread 29" [_thread_blocked, id=17124, stack(0x0000006c73300000,0x0000006c73400000)]
  0x000001f870358800 JavaThread "Unconstrained build operations Thread 30" [_thread_blocked, id=13632, stack(0x0000006c73400000,0x0000006c73500000)]
  0x000001f870356800 JavaThread "Unconstrained build operations Thread 31" [_thread_blocked, id=10824, stack(0x0000006c73500000,0x0000006c73600000)]
  0x000001f87035d000 JavaThread "Unconstrained build operations Thread 32" [_thread_blocked, id=18948, stack(0x0000006c73600000,0x0000006c73700000)]
  0x000001f870357000 JavaThread "Unconstrained build operations Thread 33" [_thread_blocked, id=15244, stack(0x0000006c73700000,0x0000006c73800000)]
  0x000001f870359800 JavaThread "build event listener" [_thread_blocked, id=8544, stack(0x0000006c73800000,0x0000006c73900000)]
  0x000001f87035e800 JavaThread "Memory manager" [_thread_blocked, id=16704, stack(0x0000006c73900000,0x0000006c73a00000)]
  0x000001f870360000 JavaThread "Cache worker for Build Output Cleanup Cache (C:\Users\jhajh\Documents\GitHub\mobile-app\main\android\.gradle\buildOutputCleanup)" [_thread_blocked, id=16588, stack(0x0000006c71500000,0x0000006c71600000)]
  0x000001f870362800 JavaThread "Execution worker" [_thread_blocked, id=8740, stack(0x0000006c73a00000,0x0000006c73b00000)]
  0x000001f87035f000 JavaThread "Execution worker Thread 2" [_thread_blocked, id=6568, stack(0x0000006c73b00000,0x0000006c73c00000)]
  0x000001f870361800 JavaThread "Execution worker Thread 3" [_thread_blocked, id=16392, stack(0x0000006c73c00000,0x0000006c73d00000)]
  0x000001f870363800 JavaThread "Cache worker for execution history cache (C:\Users\jhajh\Documents\GitHub\mobile-app\main\node_modules\react-native-gradle-plugin\.gradle\7.5.1\executionHistory)" [_thread_blocked, id=15240, stack(0x0000006c73d00000,0x0000006c73e00000)]
  0x000001f870361000 JavaThread "Unconstrained build operations Thread 34" [_thread_blocked, id=13572, stack(0x0000006c73e00000,0x0000006c73f00000)]
  0x000001f87035d800 JavaThread "Unconstrained build operations Thread 35" [_thread_blocked, id=16112, stack(0x0000006c73f00000,0x0000006c74000000)]
  0x000001f870365000 JavaThread "Unconstrained build operations Thread 36" [_thread_blocked, id=15120, stack(0x0000006c74000000,0x0000006c74100000)]
  0x000001f870364000 JavaThread "Unconstrained build operations Thread 37" [_thread_blocked, id=10728, stack(0x0000006c74100000,0x0000006c74200000)]
  0x000001f8709b2000 JavaThread "Unconstrained build operations Thread 38" [_thread_blocked, id=19000, stack(0x0000006c74200000,0x0000006c74300000)]
  0x000001f8709b3800 JavaThread "Unconstrained build operations Thread 39" [_thread_blocked, id=11844, stack(0x0000006c74300000,0x0000006c74400000)]
  0x000001f8709b2800 JavaThread "Unconstrained build operations Thread 40" [_thread_blocked, id=15712, stack(0x0000006c74400000,0x0000006c74500000)]

Other Threads:
  0x000001f86910e800 VMThread "VM Thread" [stack: 0x0000006c6ed00000,0x0000006c6ee00000] [id=12828]
  0x000001f869c23000 WatcherThread [stack: 0x0000006c6f700000,0x0000006c6f800000] [id=4728]
  0x000001f84d5c7000 GCTaskThread "GC Thread#0" [stack: 0x0000006c6e800000,0x0000006c6e900000] [id=16752]
  0x000001f869e6c800 GCTaskThread "GC Thread#1" [stack: 0x0000006c6f800000,0x0000006c6f900000] [id=12908]
  0x000001f869aef000 GCTaskThread "GC Thread#2" [stack: 0x0000006c70200000,0x0000006c70300000] [id=14372]
  0x000001f86b648800 GCTaskThread "GC Thread#3" [stack: 0x0000006c70300000,0x0000006c70400000] [id=17512]
  0x000001f84d5fb000 ConcurrentGCThread "G1 Main Marker" [stack: 0x0000006c6e900000,0x0000006c6ea00000] [id=19096]
  0x000001f84d5fc000 ConcurrentGCThread "G1 Conc#0" [stack: 0x0000006c6ea00000,0x0000006c6eb00000] [id=10244]
  0x000001f868f80800 ConcurrentGCThread "G1 Refine#0" [stack: 0x0000006c6eb00000,0x0000006c6ec00000] [id=15208]
  0x000001f86bb62000 ConcurrentGCThread "G1 Refine#1" [stack: 0x0000006c70400000,0x0000006c70500000] [id=15372]
  0x000001f868f81000 ConcurrentGCThread "G1 Young RemSet Sampling" [stack: 0x0000006c6ec00000,0x0000006c6ed00000] [id=17236]

Threads with active compile tasks:
C2 CompilerThread0   220749 13942       4       jdk.internal.reflect.NativeMethodAccessorImpl::invoke (104 bytes)

VM state:not at safepoint (normal execution)

VM Mutex/Monitor currently owned by a thread: None

Heap address: 0x0000000080000000, size: 2048 MB, Compressed Oops mode: 32-bit
Narrow klass base: 0x0000000000000000, Narrow klass shift: 3
Compressed class space size: 528482304 Address: 0x0000000100000000

Heap:
 garbage-first heap   total 292864K, used 209334K [0x0000000080000000, 0x0000000100000000)
  region size 1024K, 12 young (12288K), 5 survivors (5120K)
 Metaspace       used 104123K, capacity 109725K, committed 109872K, reserved 610304K
  class space    used 13722K, capacity 15668K, committed 15744K, reserved 516096K
Heap Regions: E=young(eden), S=young(survivor), O=old, HS=humongous(starts), HC=humongous(continues), CS=collection set, F=free, A=archive, TAMS=top-at-mark-start (previous, next)
|   0|0x0000000080000000, 0x0000000080100000, 0x0000000080100000|100%|HS|  |TAMS 0x0000000080100000, 0x0000000080100000| Complete 
|   1|0x0000000080100000, 0x0000000080200000, 0x0000000080200000|100%|HC|  |TAMS 0x0000000080200000, 0x0000000080200000| Complete 
|   2|0x0000000080200000, 0x0000000080300000, 0x0000000080300000|100%|HC|  |TAMS 0x0000000080300000, 0x0000000080300000| Complete 
|   3|0x0000000080300000, 0x0000000080400000, 0x0000000080400000|100%| O|  |TAMS 0x0000000080400000, 0x0000000080400000| Untracked 
|   4|0x0000000080400000, 0x0000000080500000, 0x0000000080500000|100%| O|  |TAMS 0x0000000080500000, 0x0000000080500000| Untracked 
|   5|0x0000000080500000, 0x0000000080600000, 0x0000000080600000|100%| O|  |TAMS 0x0000000080600000, 0x0000000080600000| Untracked 
|   6|0x0000000080600000, 0x0000000080700000, 0x0000000080700000|100%| O|  |TAMS 0x0000000080700000, 0x0000000080700000| Untracked 
|   7|0x0000000080700000, 0x0000000080800000, 0x0000000080800000|100%| O|  |TAMS 0x0000000080800000, 0x0000000080800000| Untracked 
|   8|0x0000000080800000, 0x0000000080900000, 0x0000000080900000|100%| O|  |TAMS 0x0000000080900000, 0x0000000080900000| Untracked 
|   9|0x0000000080900000, 0x0000000080a00000, 0x0000000080a00000|100%| O|  |TAMS 0x0000000080a00000, 0x0000000080a00000| Untracked 
|  10|0x0000000080a00000, 0x0000000080b00000, 0x0000000080b00000|100%| O|  |TAMS 0x0000000080b00000, 0x0000000080b00000| Untracked 
|  11|0x0000000080b00000, 0x0000000080c00000, 0x0000000080c00000|100%| O|  |TAMS 0x0000000080c00000, 0x0000000080c00000| Untracked 
|  12|0x0000000080c00000, 0x0000000080d00000, 0x0000000080d00000|100%| O|  |TAMS 0x0000000080d00000, 0x0000000080d00000| Untracked 
|  13|0x0000000080d00000, 0x0000000080e00000, 0x0000000080e00000|100%| O|  |TAMS 0x0000000080e00000, 0x0000000080e00000| Untracked 
|  14|0x0000000080e00000, 0x0000000080f00000, 0x0000000080f00000|100%| O|  |TAMS 0x0000000080f00000, 0x0000000080f00000| Untracked 
|  15|0x0000000080f00000, 0x0000000081000000, 0x0000000081000000|100%| O|  |TAMS 0x0000000081000000, 0x0000000081000000| Untracked 
|  16|0x0000000081000000, 0x0000000081100000, 0x0000000081100000|100%| O|  |TAMS 0x0000000081100000, 0x0000000081100000| Untracked 
|  17|0x0000000081100000, 0x0000000081200000, 0x0000000081200000|100%| O|  |TAMS 0x0000000081200000, 0x0000000081200000| Untracked 
|  18|0x0000000081200000, 0x0000000081300000, 0x0000000081300000|100%| O|  |TAMS 0x0000000081300000, 0x0000000081300000| Untracked 
|  19|0x0000000081300000, 0x0000000081400000, 0x0000000081400000|100%| O|  |TAMS 0x0000000081400000, 0x0000000081400000| Untracked 
|  20|0x0000000081400000, 0x0000000081500000, 0x0000000081500000|100%| O|  |TAMS 0x0000000081500000, 0x0000000081500000| Untracked 
|  21|0x0000000081500000, 0x0000000081600000, 0x0000000081600000|100%| O|  |TAMS 0x0000000081600000, 0x0000000081600000| Untracked 
|  22|0x0000000081600000, 0x0000000081700000, 0x0000000081700000|100%| O|  |TAMS 0x0000000081700000, 0x0000000081700000| Untracked 
|  23|0x0000000081700000, 0x0000000081800000, 0x0000000081800000|100%| O|  |TAMS 0x0000000081800000, 0x0000000081800000| Untracked 
|  24|0x0000000081800000, 0x0000000081900000, 0x0000000081900000|100%| O|  |TAMS 0x0000000081900000, 0x0000000081900000| Untracked 
|  25|0x0000000081900000, 0x0000000081a00000, 0x0000000081a00000|100%| O|  |TAMS 0x0000000081a00000, 0x0000000081a00000| Untracked 
|  26|0x0000000081a00000, 0x0000000081b00000, 0x0000000081b00000|100%| O|  |TAMS 0x0000000081b00000, 0x0000000081b00000| Untracked 
|  27|0x0000000081b00000, 0x0000000081c00000, 0x0000000081c00000|100%| O|  |TAMS 0x0000000081c00000, 0x0000000081c00000| Untracked 
|  28|0x0000000081c00000, 0x0000000081d00000, 0x0000000081d00000|100%| O|  |TAMS 0x0000000081d00000, 0x0000000081d00000| Untracked 
|  29|0x0000000081d00000, 0x0000000081e00000, 0x0000000081e00000|100%| O|  |TAMS 0x0000000081e00000, 0x0000000081e00000| Untracked 
|  30|0x0000000081e00000, 0x0000000081f00000, 0x0000000081f00000|100%| O|  |TAMS 0x0000000081f00000, 0x0000000081f00000| Untracked 
|  31|0x0000000081f00000, 0x0000000082000000, 0x0000000082000000|100%|HS|  |TAMS 0x0000000082000000, 0x0000000082000000| Complete 
|  32|0x0000000082000000, 0x0000000082100000, 0x0000000082100000|100%|HS|  |TAMS 0x0000000082100000, 0x0000000082100000| Complete 
|  33|0x0000000082100000, 0x0000000082200000, 0x0000000082200000|100%|HC|  |TAMS 0x0000000082200000, 0x0000000082200000| Complete 
|  34|0x0000000082200000, 0x0000000082300000, 0x0000000082300000|100%|HC|  |TAMS 0x0000000082300000, 0x0000000082300000| Complete 
|  35|0x0000000082300000, 0x0000000082400000, 0x0000000082400000|100%| O|  |TAMS 0x0000000082400000, 0x0000000082400000| Untracked 
|  36|0x0000000082400000, 0x0000000082500000, 0x0000000082500000|100%| O|  |TAMS 0x0000000082500000, 0x0000000082500000| Untracked 
|  37|0x0000000082500000, 0x0000000082600000, 0x0000000082600000|100%| O|  |TAMS 0x0000000082600000, 0x0000000082600000| Untracked 
|  38|0x0000000082600000, 0x0000000082700000, 0x0000000082700000|100%| O|  |TAMS 0x0000000082700000, 0x0000000082700000| Untracked 
|  39|0x0000000082700000, 0x0000000082800000, 0x0000000082800000|100%| O|  |TAMS 0x0000000082800000, 0x0000000082800000| Untracked 
|  40|0x0000000082800000, 0x0000000082900000, 0x0000000082900000|100%| O|  |TAMS 0x0000000082900000, 0x0000000082900000| Untracked 
|  41|0x0000000082900000, 0x0000000082a00000, 0x0000000082a00000|100%| O|  |TAMS 0x0000000082a00000, 0x0000000082a00000| Untracked 
|  42|0x0000000082a00000, 0x0000000082b00000, 0x0000000082b00000|100%| O|  |TAMS 0x0000000082b00000, 0x0000000082b00000| Untracked 
|  43|0x0000000082b00000, 0x0000000082c00000, 0x0000000082c00000|100%| O|  |TAMS 0x0000000082c00000, 0x0000000082c00000| Untracked 
|  44|0x0000000082c00000, 0x0000000082d00000, 0x0000000082d00000|100%| O|  |TAMS 0x0000000082d00000, 0x0000000082d00000| Untracked 
|  45|0x0000000082d00000, 0x0000000082e00000, 0x0000000082e00000|100%| O|  |TAMS 0x0000000082e00000, 0x0000000082e00000| Untracked 
|  46|0x0000000082e00000, 0x0000000082f00000, 0x0000000082f00000|100%| O|  |TAMS 0x0000000082f00000, 0x0000000082f00000| Untracked 
|  47|0x0000000082f00000, 0x0000000083000000, 0x0000000083000000|100%| O|  |TAMS 0x0000000083000000, 0x0000000083000000| Untracked 
|  48|0x0000000083000000, 0x0000000083100000, 0x0000000083100000|100%| O|  |TAMS 0x0000000083100000, 0x0000000083100000| Untracked 
|  49|0x0000000083100000, 0x0000000083200000, 0x0000000083200000|100%| O|  |TAMS 0x0000000083200000, 0x0000000083200000| Untracked 
|  50|0x0000000083200000, 0x0000000083300000, 0x0000000083300000|100%| O|  |TAMS 0x0000000083300000, 0x0000000083300000| Untracked 
|  51|0x0000000083300000, 0x0000000083400000, 0x0000000083400000|100%| O|  |TAMS 0x0000000083400000, 0x0000000083400000| Untracked 
|  52|0x0000000083400000, 0x0000000083500000, 0x0000000083500000|100%| O|  |TAMS 0x0000000083500000, 0x0000000083500000| Untracked 
|  53|0x0000000083500000, 0x0000000083600000, 0x0000000083600000|100%| O|  |TAMS 0x0000000083600000, 0x0000000083600000| Untracked 
|  54|0x0000000083600000, 0x0000000083700000, 0x0000000083700000|100%| O|  |TAMS 0x0000000083700000, 0x0000000083700000| Untracked 
|  55|0x0000000083700000, 0x0000000083800000, 0x0000000083800000|100%| O|  |TAMS 0x0000000083800000, 0x0000000083800000| Untracked 
|  56|0x0000000083800000, 0x0000000083900000, 0x0000000083900000|100%| O|  |TAMS 0x0000000083900000, 0x0000000083900000| Untracked 
|  57|0x0000000083900000, 0x0000000083a00000, 0x0000000083a00000|100%| O|  |TAMS 0x0000000083a00000, 0x0000000083a00000| Untracked 
|  58|0x0000000083a00000, 0x0000000083b00000, 0x0000000083b00000|100%| O|  |TAMS 0x0000000083b00000, 0x0000000083b00000| Untracked 
|  59|0x0000000083b00000, 0x0000000083c00000, 0x0000000083c00000|100%| O|  |TAMS 0x0000000083c00000, 0x0000000083c00000| Untracked 
|  60|0x0000000083c00000, 0x0000000083d00000, 0x0000000083d00000|100%| O|  |TAMS 0x0000000083d00000, 0x0000000083d00000| Untracked 
|  61|0x0000000083d00000, 0x0000000083e00000, 0x0000000083e00000|100%| O|  |TAMS 0x0000000083e00000, 0x0000000083e00000| Untracked 
|  62|0x0000000083e00000, 0x0000000083f00000, 0x0000000083f00000|100%| O|  |TAMS 0x0000000083f00000, 0x0000000083f00000| Untracked 
|  63|0x0000000083f00000, 0x0000000084000000, 0x0000000084000000|100%| O|  |TAMS 0x0000000083f00000, 0x0000000084000000| Untracked 
|  64|0x0000000084000000, 0x0000000084100000, 0x0000000084100000|100%|HS|  |TAMS 0x0000000084100000, 0x0000000084100000| Complete 
|  65|0x0000000084100000, 0x0000000084200000, 0x0000000084200000|100%|HS|  |TAMS 0x0000000084200000, 0x0000000084200000| Complete 
|  66|0x0000000084200000, 0x0000000084300000, 0x0000000084300000|100%|HC|  |TAMS 0x0000000084300000, 0x0000000084300000| Complete 
|  67|0x0000000084300000, 0x0000000084400000, 0x0000000084400000|100%|HS|  |TAMS 0x0000000084400000, 0x0000000084400000| Complete 
|  68|0x0000000084400000, 0x0000000084500000, 0x0000000084500000|100%|HS|  |TAMS 0x0000000084500000, 0x0000000084500000| Complete 
|  69|0x0000000084500000, 0x0000000084600000, 0x0000000084600000|100%|HC|  |TAMS 0x0000000084600000, 0x0000000084600000| Complete 
|  70|0x0000000084600000, 0x0000000084700000, 0x0000000084700000|100%|HC|  |TAMS 0x0000000084700000, 0x0000000084700000| Complete 
|  71|0x0000000084700000, 0x0000000084800000, 0x0000000084800000|100%|HC|  |TAMS 0x0000000084800000, 0x0000000084800000| Complete 
|  72|0x0000000084800000, 0x0000000084900000, 0x0000000084900000|100%| O|  |TAMS 0x0000000084900000, 0x0000000084900000| Untracked 
|  73|0x0000000084900000, 0x0000000084a00000, 0x0000000084a00000|100%|HS|  |TAMS 0x0000000084a00000, 0x0000000084a00000| Complete 
|  74|0x0000000084a00000, 0x0000000084b00000, 0x0000000084b00000|100%|HC|  |TAMS 0x0000000084b00000, 0x0000000084b00000| Complete 
|  75|0x0000000084b00000, 0x0000000084c00000, 0x0000000084c00000|100%| O|  |TAMS 0x0000000084c00000, 0x0000000084c00000| Untracked 
|  76|0x0000000084c00000, 0x0000000084d00000, 0x0000000084d00000|100%| O|  |TAMS 0x0000000084d00000, 0x0000000084d00000| Untracked 
|  77|0x0000000084d00000, 0x0000000084e00000, 0x0000000084e00000|100%| O|  |TAMS 0x0000000084e00000, 0x0000000084e00000| Untracked 
|  78|0x0000000084e00000, 0x0000000084f00000, 0x0000000084f00000|100%| O|  |TAMS 0x0000000084f00000, 0x0000000084f00000| Untracked 
|  79|0x0000000084f00000, 0x0000000085000000, 0x0000000085000000|100%| O|  |TAMS 0x0000000085000000, 0x0000000085000000| Untracked 
|  80|0x0000000085000000, 0x0000000085100000, 0x0000000085100000|100%| O|  |TAMS 0x0000000085100000, 0x0000000085100000| Untracked 
|  81|0x0000000085100000, 0x0000000085200000, 0x0000000085200000|100%| O|  |TAMS 0x0000000085200000, 0x0000000085200000| Untracked 
|  82|0x0000000085200000, 0x0000000085300000, 0x0000000085300000|100%| O|  |TAMS 0x0000000085300000, 0x0000000085300000| Untracked 
|  83|0x0000000085300000, 0x0000000085400000, 0x0000000085400000|100%| O|  |TAMS 0x0000000085400000, 0x0000000085400000| Untracked 
|  84|0x0000000085400000, 0x0000000085500000, 0x0000000085500000|100%| O|  |TAMS 0x0000000085500000, 0x0000000085500000| Untracked 
|  85|0x0000000085500000, 0x0000000085600000, 0x0000000085600000|100%| O|  |TAMS 0x0000000085600000, 0x0000000085600000| Untracked 
|  86|0x0000000085600000, 0x0000000085700000, 0x0000000085700000|100%| O|  |TAMS 0x0000000085700000, 0x0000000085700000| Untracked 
|  87|0x0000000085700000, 0x0000000085800000, 0x0000000085800000|100%| O|  |TAMS 0x0000000085800000, 0x0000000085800000| Untracked 
|  88|0x0000000085800000, 0x0000000085900000, 0x0000000085900000|100%| O|  |TAMS 0x0000000085900000, 0x0000000085900000| Untracked 
|  89|0x0000000085900000, 0x0000000085a00000, 0x0000000085a00000|100%| O|  |TAMS 0x0000000085a00000, 0x0000000085a00000| Untracked 
|  90|0x0000000085a00000, 0x0000000085b00000, 0x0000000085b00000|100%| O|  |TAMS 0x0000000085b00000, 0x0000000085b00000| Untracked 
|  91|0x0000000085b00000, 0x0000000085c00000, 0x0000000085c00000|100%| O|  |TAMS 0x0000000085c00000, 0x0000000085c00000| Untracked 
|  92|0x0000000085c00000, 0x0000000085d00000, 0x0000000085d00000|100%| O|  |TAMS 0x0000000085d00000, 0x0000000085d00000| Untracked 
|  93|0x0000000085d00000, 0x0000000085e00000, 0x0000000085e00000|100%| O|  |TAMS 0x0000000085e00000, 0x0000000085e00000| Untracked 
|  94|0x0000000085e00000, 0x0000000085f00000, 0x0000000085f00000|100%| O|  |TAMS 0x0000000085f00000, 0x0000000085f00000| Untracked 
|  95|0x0000000085f00000, 0x0000000086000000, 0x0000000086000000|100%| O|  |TAMS 0x0000000086000000, 0x0000000086000000| Untracked 
|  96|0x0000000086000000, 0x0000000086100000, 0x0000000086100000|100%| O|  |TAMS 0x0000000086100000, 0x0000000086100000| Untracked 
|  97|0x0000000086100000, 0x0000000086200000, 0x0000000086200000|100%| O|  |TAMS 0x0000000086200000, 0x0000000086200000| Untracked 
|  98|0x0000000086200000, 0x0000000086300000, 0x0000000086300000|100%| O|  |TAMS 0x0000000086300000, 0x0000000086300000| Untracked 
|  99|0x0000000086300000, 0x0000000086400000, 0x0000000086400000|100%| O|  |TAMS 0x0000000086400000, 0x0000000086400000| Untracked 
| 100|0x0000000086400000, 0x0000000086500000, 0x0000000086500000|100%| O|  |TAMS 0x0000000086500000, 0x0000000086500000| Untracked 
| 101|0x0000000086500000, 0x0000000086600000, 0x0000000086600000|100%| O|  |TAMS 0x0000000086600000, 0x0000000086600000| Untracked 
| 102|0x0000000086600000, 0x0000000086700000, 0x0000000086700000|100%| O|  |TAMS 0x0000000086700000, 0x0000000086700000| Untracked 
| 103|0x0000000086700000, 0x0000000086800000, 0x0000000086800000|100%|HS|  |TAMS 0x0000000086800000, 0x0000000086800000| Complete 
| 104|0x0000000086800000, 0x0000000086900000, 0x0000000086900000|100%|HC|  |TAMS 0x0000000086900000, 0x0000000086900000| Complete 
| 105|0x0000000086900000, 0x0000000086a00000, 0x0000000086a00000|100%|HS|  |TAMS 0x0000000086a00000, 0x0000000086a00000| Complete 
| 106|0x0000000086a00000, 0x0000000086b00000, 0x0000000086b00000|100%|HC|  |TAMS 0x0000000086b00000, 0x0000000086b00000| Complete 
| 107|0x0000000086b00000, 0x0000000086c00000, 0x0000000086c00000|100%|HC|  |TAMS 0x0000000086c00000, 0x0000000086c00000| Complete 
| 108|0x0000000086c00000, 0x0000000086d00000, 0x0000000086d00000|100%|HC|  |TAMS 0x0000000086d00000, 0x0000000086d00000| Complete 
| 109|0x0000000086d00000, 0x0000000086e00000, 0x0000000086e00000|100%| O|  |TAMS 0x0000000086e00000, 0x0000000086e00000| Untracked 
| 110|0x0000000086e00000, 0x0000000086f00000, 0x0000000086f00000|100%| O|  |TAMS 0x0000000086f00000, 0x0000000086f00000| Untracked 
| 111|0x0000000086f00000, 0x0000000087000000, 0x0000000087000000|100%| O|  |TAMS 0x0000000087000000, 0x0000000087000000| Untracked 
| 112|0x0000000087000000, 0x0000000087100000, 0x0000000087100000|100%| O|  |TAMS 0x0000000087100000, 0x0000000087100000| Untracked 
| 113|0x0000000087100000, 0x0000000087200000, 0x0000000087200000|100%| O|  |TAMS 0x0000000087200000, 0x0000000087200000| Untracked 
| 114|0x0000000087200000, 0x0000000087300000, 0x0000000087300000|100%| O|  |TAMS 0x0000000087300000, 0x0000000087300000| Untracked 
| 115|0x0000000087300000, 0x0000000087400000, 0x0000000087400000|100%| O|  |TAMS 0x0000000087400000, 0x0000000087400000| Untracked 
| 116|0x0000000087400000, 0x0000000087500000, 0x0000000087500000|100%| O|  |TAMS 0x0000000087500000, 0x0000000087500000| Untracked 
| 117|0x0000000087500000, 0x0000000087600000, 0x0000000087600000|100%| O|  |TAMS 0x0000000087600000, 0x0000000087600000| Untracked 
| 118|0x0000000087600000, 0x0000000087700000, 0x0000000087700000|100%|HS|  |TAMS 0x0000000087700000, 0x0000000087700000| Complete 
| 119|0x0000000087700000, 0x0000000087800000, 0x0000000087800000|100%|HC|  |TAMS 0x0000000087800000, 0x0000000087800000| Complete 
| 120|0x0000000087800000, 0x0000000087900000, 0x0000000087900000|100%|HS|  |TAMS 0x0000000087900000, 0x0000000087900000| Complete 
| 121|0x0000000087900000, 0x0000000087a00000, 0x0000000087a00000|100%|HC|  |TAMS 0x0000000087a00000, 0x0000000087a00000| Complete 
| 122|0x0000000087a00000, 0x0000000087b00000, 0x0000000087b00000|100%| O|  |TAMS 0x0000000087b00000, 0x0000000087b00000| Untracked 
| 123|0x0000000087b00000, 0x0000000087c00000, 0x0000000087c00000|100%| O|  |TAMS 0x0000000087c00000, 0x0000000087c00000| Untracked 
| 124|0x0000000087c00000, 0x0000000087d00000, 0x0000000087d00000|100%| O|  |TAMS 0x0000000087d00000, 0x0000000087d00000| Untracked 
| 125|0x0000000087d00000, 0x0000000087e00000, 0x0000000087e00000|100%| O|  |TAMS 0x0000000087d00000, 0x0000000087e00000| Untracked 
| 126|0x0000000087e00000, 0x0000000087f00000, 0x0000000087f00000|100%| O|  |TAMS 0x0000000087f00000, 0x0000000087f00000| Untracked 
| 127|0x0000000087f00000, 0x0000000088000000, 0x0000000088000000|100%| O|  |TAMS 0x0000000088000000, 0x0000000088000000| Untracked 
| 128|0x0000000088000000, 0x0000000088100000, 0x0000000088100000|100%| O|  |TAMS 0x0000000088100000, 0x0000000088100000| Untracked 
| 129|0x0000000088100000, 0x0000000088200000, 0x0000000088200000|100%| O|  |TAMS 0x0000000088200000, 0x0000000088200000| Untracked 
| 130|0x0000000088200000, 0x0000000088300000, 0x0000000088300000|100%| O|  |TAMS 0x0000000088300000, 0x0000000088300000| Untracked 
| 131|0x0000000088300000, 0x0000000088400000, 0x0000000088400000|100%| O|  |TAMS 0x0000000088400000, 0x0000000088400000| Untracked 
| 132|0x0000000088400000, 0x0000000088500000, 0x0000000088500000|100%| O|  |TAMS 0x0000000088500000, 0x0000000088500000| Untracked 
| 133|0x0000000088500000, 0x0000000088600000, 0x0000000088600000|100%| O|  |TAMS 0x0000000088600000, 0x0000000088600000| Untracked 
| 134|0x0000000088600000, 0x0000000088700000, 0x0000000088700000|100%| O|  |TAMS 0x0000000088700000, 0x0000000088700000| Untracked 
| 135|0x0000000088700000, 0x0000000088800000, 0x0000000088800000|100%| O|  |TAMS 0x0000000088800000, 0x0000000088800000| Untracked 
| 136|0x0000000088800000, 0x0000000088900000, 0x0000000088900000|100%| O|  |TAMS 0x0000000088900000, 0x0000000088900000| Untracked 
| 137|0x0000000088900000, 0x0000000088a00000, 0x0000000088a00000|100%| O|  |TAMS 0x0000000088a00000, 0x0000000088a00000| Untracked 
| 138|0x0000000088a00000, 0x0000000088b00000, 0x0000000088b00000|100%| O|  |TAMS 0x0000000088b00000, 0x0000000088b00000| Untracked 
| 139|0x0000000088b00000, 0x0000000088c00000, 0x0000000088c00000|100%| O|  |TAMS 0x0000000088c00000, 0x0000000088c00000| Untracked 
| 140|0x0000000088c00000, 0x0000000088d00000, 0x0000000088d00000|100%| O|  |TAMS 0x0000000088d00000, 0x0000000088d00000| Untracked 
| 141|0x0000000088d00000, 0x0000000088e00000, 0x0000000088e00000|100%| O|  |TAMS 0x0000000088e00000, 0x0000000088e00000| Untracked 
| 142|0x0000000088e00000, 0x0000000088f00000, 0x0000000088f00000|100%| O|  |TAMS 0x0000000088f00000, 0x0000000088f00000| Untracked 
| 143|0x0000000088f00000, 0x0000000089000000, 0x0000000089000000|100%| O|  |TAMS 0x0000000089000000, 0x0000000089000000| Untracked 
| 144|0x0000000089000000, 0x0000000089100000, 0x0000000089100000|100%| O|  |TAMS 0x0000000089100000, 0x0000000089100000| Untracked 
| 145|0x0000000089100000, 0x0000000089200000, 0x0000000089200000|100%| O|  |TAMS 0x0000000089200000, 0x0000000089200000| Untracked 
| 146|0x0000000089200000, 0x0000000089300000, 0x0000000089300000|100%| O|  |TAMS 0x0000000089300000, 0x0000000089300000| Untracked 
| 147|0x0000000089300000, 0x0000000089400000, 0x0000000089400000|100%| O|  |TAMS 0x0000000089400000, 0x0000000089400000| Untracked 
| 148|0x0000000089400000, 0x0000000089500000, 0x0000000089500000|100%| O|  |TAMS 0x0000000089500000, 0x0000000089500000| Untracked 
| 149|0x0000000089500000, 0x0000000089600000, 0x0000000089600000|100%| O|  |TAMS 0x0000000089600000, 0x0000000089600000| Untracked 
| 150|0x0000000089600000, 0x0000000089700000, 0x0000000089700000|100%| O|  |TAMS 0x0000000089700000, 0x0000000089700000| Untracked 
| 151|0x0000000089700000, 0x0000000089800000, 0x0000000089800000|100%| O|  |TAMS 0x0000000089800000, 0x0000000089800000| Untracked 
| 152|0x0000000089800000, 0x0000000089900000, 0x0000000089900000|100%| O|  |TAMS 0x0000000089900000, 0x0000000089900000| Untracked 
| 153|0x0000000089900000, 0x0000000089a00000, 0x0000000089a00000|100%| O|  |TAMS 0x000000008999c400, 0x0000000089a00000| Untracked 
| 154|0x0000000089a00000, 0x0000000089b00000, 0x0000000089b00000|100%|HS|  |TAMS 0x0000000089a00000, 0x0000000089b00000| Complete 
| 155|0x0000000089b00000, 0x0000000089c00000, 0x0000000089c00000|100%|HS|  |TAMS 0x0000000089b00000, 0x0000000089c00000| Complete 
| 156|0x0000000089c00000, 0x0000000089d00000, 0x0000000089d00000|100%|HC|  |TAMS 0x0000000089c00000, 0x0000000089d00000| Complete 
| 157|0x0000000089d00000, 0x0000000089e00000, 0x0000000089e00000|100%|HC|  |TAMS 0x0000000089d00000, 0x0000000089e00000| Complete 
| 158|0x0000000089e00000, 0x0000000089f00000, 0x0000000089f00000|100%| O|  |TAMS 0x0000000089e00000, 0x0000000089f00000| Untracked 
| 159|0x0000000089f00000, 0x000000008a000000, 0x000000008a000000|100%| O|  |TAMS 0x0000000089f00000, 0x000000008a000000| Untracked 
| 160|0x000000008a000000, 0x000000008a100000, 0x000000008a100000|100%| O|  |TAMS 0x000000008a000000, 0x000000008a100000| Untracked 
| 161|0x000000008a100000, 0x000000008a200000, 0x000000008a200000|100%| O|  |TAMS 0x000000008a100000, 0x000000008a200000| Untracked 
| 162|0x000000008a200000, 0x000000008a300000, 0x000000008a300000|100%| O|  |TAMS 0x000000008a200000, 0x000000008a300000| Untracked 
| 163|0x000000008a300000, 0x000000008a400000, 0x000000008a400000|100%| O|  |TAMS 0x000000008a300000, 0x000000008a400000| Untracked 
| 164|0x000000008a400000, 0x000000008a500000, 0x000000008a500000|100%| O|  |TAMS 0x000000008a400000, 0x000000008a500000| Untracked 
| 165|0x000000008a500000, 0x000000008a600000, 0x000000008a600000|100%| O|  |TAMS 0x000000008a500000, 0x000000008a600000| Untracked 
| 166|0x000000008a600000, 0x000000008a700000, 0x000000008a700000|100%| O|  |TAMS 0x000000008a600000, 0x000000008a700000| Untracked 
| 167|0x000000008a700000, 0x000000008a800000, 0x000000008a800000|100%| O|  |TAMS 0x000000008a700000, 0x000000008a800000| Untracked 
| 168|0x000000008a800000, 0x000000008a900000, 0x000000008a900000|100%| O|  |TAMS 0x000000008a800000, 0x000000008a900000| Untracked 
| 169|0x000000008a900000, 0x000000008aa00000, 0x000000008aa00000|100%| O|  |TAMS 0x000000008a900000, 0x000000008aa00000| Untracked 
| 170|0x000000008aa00000, 0x000000008ab00000, 0x000000008ab00000|100%| O|  |TAMS 0x000000008aa00000, 0x000000008ab00000| Untracked 
| 171|0x000000008ab00000, 0x000000008ac00000, 0x000000008ac00000|100%| O|  |TAMS 0x000000008ab00000, 0x000000008ac00000| Untracked 
| 172|0x000000008ac00000, 0x000000008ad00000, 0x000000008ad00000|100%| O|  |TAMS 0x000000008ac00000, 0x000000008ad00000| Untracked 
| 173|0x000000008ad00000, 0x000000008ae00000, 0x000000008ae00000|100%| O|  |TAMS 0x000000008ad00000, 0x000000008ae00000| Untracked 
| 174|0x000000008ae00000, 0x000000008af00000, 0x000000008af00000|100%| O|  |TAMS 0x000000008ae00000, 0x000000008af00000| Untracked 
| 175|0x000000008af00000, 0x000000008b000000, 0x000000008b000000|100%| O|  |TAMS 0x000000008af00000, 0x000000008b000000| Untracked 
| 176|0x000000008b000000, 0x000000008b100000, 0x000000008b100000|100%| O|  |TAMS 0x000000008b000000, 0x000000008b100000| Untracked 
| 177|0x000000008b100000, 0x000000008b200000, 0x000000008b200000|100%| O|  |TAMS 0x000000008b100000, 0x000000008b200000| Untracked 
| 178|0x000000008b200000, 0x000000008b300000, 0x000000008b300000|100%|HS|  |TAMS 0x000000008b200000, 0x000000008b300000| Complete 
| 179|0x000000008b300000, 0x000000008b400000, 0x000000008b400000|100%|HS|  |TAMS 0x000000008b300000, 0x000000008b400000| Complete 
| 180|0x000000008b400000, 0x000000008b500000, 0x000000008b500000|100%|HC|  |TAMS 0x000000008b400000, 0x000000008b500000| Complete 
| 181|0x000000008b500000, 0x000000008b600000, 0x000000008b600000|100%|HC|  |TAMS 0x000000008b500000, 0x000000008b600000| Complete 
| 182|0x000000008b600000, 0x000000008b700000, 0x000000008b700000|100%|HS|  |TAMS 0x000000008b600000, 0x000000008b700000| Complete 
| 183|0x000000008b700000, 0x000000008b800000, 0x000000008b800000|100%|HS|  |TAMS 0x000000008b700000, 0x000000008b800000| Complete 
| 184|0x000000008b800000, 0x000000008b900000, 0x000000008b900000|100%| O|  |TAMS 0x000000008b800000, 0x000000008b900000| Untracked 
| 185|0x000000008b900000, 0x000000008ba00000, 0x000000008ba00000|100%| O|  |TAMS 0x000000008b900000, 0x000000008ba00000| Untracked 
| 186|0x000000008ba00000, 0x000000008bb00000, 0x000000008bb00000|100%| O|  |TAMS 0x000000008ba00000, 0x000000008bb00000| Untracked 
| 187|0x000000008bb00000, 0x000000008bc00000, 0x000000008bc00000|100%| O|  |TAMS 0x000000008bb00000, 0x000000008bc00000| Untracked 
| 188|0x000000008bc00000, 0x000000008bd00000, 0x000000008bd00000|100%| O|  |TAMS 0x000000008bc00000, 0x000000008bd00000| Untracked 
| 189|0x000000008bd00000, 0x000000008be00000, 0x000000008be00000|100%| O|  |TAMS 0x000000008bd00000, 0x000000008be00000| Untracked 
| 190|0x000000008be00000, 0x000000008be6da00, 0x000000008bf00000| 42%| O|  |TAMS 0x000000008be00000, 0x000000008be6da00| Untracked 
| 191|0x000000008bf00000, 0x000000008c000000, 0x000000008c000000|100%|HS|  |TAMS 0x000000008bf00000, 0x000000008bf00000| Complete 
| 192|0x000000008c000000, 0x000000008c100000, 0x000000008c100000|100%|HC|  |TAMS 0x000000008c000000, 0x000000008c000000| Complete 
| 193|0x000000008c100000, 0x000000008c200000, 0x000000008c200000|100%|HC|  |TAMS 0x000000008c100000, 0x000000008c100000| Complete 
| 194|0x000000008c200000, 0x000000008c200000, 0x000000008c300000|  0%| F|  |TAMS 0x000000008c200000, 0x000000008c200000| Untracked 
| 195|0x000000008c300000, 0x000000008c300000, 0x000000008c400000|  0%| F|  |TAMS 0x000000008c300000, 0x000000008c300000| Untracked 
| 196|0x000000008c400000, 0x000000008c400000, 0x000000008c500000|  0%| F|  |TAMS 0x000000008c400000, 0x000000008c400000| Untracked 
| 197|0x000000008c500000, 0x000000008c500000, 0x000000008c600000|  0%| F|  |TAMS 0x000000008c500000, 0x000000008c500000| Untracked 
| 198|0x000000008c600000, 0x000000008c600000, 0x000000008c700000|  0%| F|  |TAMS 0x000000008c600000, 0x000000008c600000| Untracked 
| 199|0x000000008c700000, 0x000000008c700000, 0x000000008c800000|  0%| F|  |TAMS 0x000000008c700000, 0x000000008c700000| Untracked 
| 200|0x000000008c800000, 0x000000008c800000, 0x000000008c900000|  0%| F|  |TAMS 0x000000008c800000, 0x000000008c800000| Untracked 
| 201|0x000000008c900000, 0x000000008c900000, 0x000000008ca00000|  0%| F|  |TAMS 0x000000008c900000, 0x000000008c900000| Untracked 
| 202|0x000000008ca00000, 0x000000008ca00000, 0x000000008cb00000|  0%| F|  |TAMS 0x000000008ca00000, 0x000000008ca00000| Untracked 
| 203|0x000000008cb00000, 0x000000008cb00000, 0x000000008cc00000|  0%| F|  |TAMS 0x000000008cb00000, 0x000000008cb00000| Untracked 
| 204|0x000000008cc00000, 0x000000008cc00000, 0x000000008cd00000|  0%| F|  |TAMS 0x000000008cc00000, 0x000000008cc00000| Untracked 
| 205|0x000000008cd00000, 0x000000008cd00000, 0x000000008ce00000|  0%| F|  |TAMS 0x000000008cd00000, 0x000000008cd00000| Untracked 
| 206|0x000000008ce00000, 0x000000008ce00000, 0x000000008cf00000|  0%| F|  |TAMS 0x000000008ce00000, 0x000000008ce00000| Untracked 
| 207|0x000000008cf00000, 0x000000008cf00000, 0x000000008d000000|  0%| F|  |TAMS 0x000000008cf00000, 0x000000008cf00000| Untracked 
| 208|0x000000008d000000, 0x000000008d000000, 0x000000008d100000|  0%| F|  |TAMS 0x000000008d000000, 0x000000008d000000| Untracked 
| 209|0x000000008d100000, 0x000000008d100000, 0x000000008d200000|  0%| F|  |TAMS 0x000000008d100000, 0x000000008d100000| Untracked 
| 210|0x000000008d200000, 0x000000008d200000, 0x000000008d300000|  0%| F|  |TAMS 0x000000008d200000, 0x000000008d200000| Untracked 
| 211|0x000000008d300000, 0x000000008d300000, 0x000000008d400000|  0%| F|  |TAMS 0x000000008d300000, 0x000000008d300000| Untracked 
| 212|0x000000008d400000, 0x000000008d400000, 0x000000008d500000|  0%| F|  |TAMS 0x000000008d400000, 0x000000008d400000| Untracked 
| 213|0x000000008d500000, 0x000000008d500000, 0x000000008d600000|  0%| F|  |TAMS 0x000000008d500000, 0x000000008d500000| Untracked 
| 214|0x000000008d600000, 0x000000008d600000, 0x000000008d700000|  0%| F|  |TAMS 0x000000008d600000, 0x000000008d600000| Untracked 
| 215|0x000000008d700000, 0x000000008d700000, 0x000000008d800000|  0%| F|  |TAMS 0x000000008d700000, 0x000000008d700000| Untracked 
| 216|0x000000008d800000, 0x000000008d800000, 0x000000008d900000|  0%| F|  |TAMS 0x000000008d800000, 0x000000008d800000| Untracked 
| 217|0x000000008d900000, 0x000000008d900000, 0x000000008da00000|  0%| F|  |TAMS 0x000000008d900000, 0x000000008d900000| Untracked 
| 218|0x000000008da00000, 0x000000008da00000, 0x000000008db00000|  0%| F|  |TAMS 0x000000008da00000, 0x000000008da00000| Untracked 
| 219|0x000000008db00000, 0x000000008db00000, 0x000000008dc00000|  0%| F|  |TAMS 0x000000008db00000, 0x000000008db00000| Untracked 
| 220|0x000000008dc00000, 0x000000008dc00000, 0x000000008dd00000|  0%| F|  |TAMS 0x000000008dc00000, 0x000000008dc00000| Untracked 
| 221|0x000000008dd00000, 0x000000008dd00000, 0x000000008de00000|  0%| F|  |TAMS 0x000000008dd00000, 0x000000008dd00000| Untracked 
| 222|0x000000008de00000, 0x000000008de00000, 0x000000008df00000|  0%| F|  |TAMS 0x000000008de00000, 0x000000008de00000| Untracked 
| 223|0x000000008df00000, 0x000000008df00000, 0x000000008e000000|  0%| F|  |TAMS 0x000000008df00000, 0x000000008df00000| Untracked 
| 224|0x000000008e000000, 0x000000008e000000, 0x000000008e100000|  0%| F|  |TAMS 0x000000008e000000, 0x000000008e000000| Untracked 
| 225|0x000000008e100000, 0x000000008e100000, 0x000000008e200000|  0%| F|  |TAMS 0x000000008e100000, 0x000000008e100000| Untracked 
| 226|0x000000008e200000, 0x000000008e200000, 0x000000008e300000|  0%| F|  |TAMS 0x000000008e200000, 0x000000008e200000| Untracked 
| 227|0x000000008e300000, 0x000000008e300000, 0x000000008e400000|  0%| F|  |TAMS 0x000000008e300000, 0x000000008e300000| Untracked 
| 228|0x000000008e400000, 0x000000008e400000, 0x000000008e500000|  0%| F|  |TAMS 0x000000008e400000, 0x000000008e400000| Untracked 
| 229|0x000000008e500000, 0x000000008e500000, 0x000000008e600000|  0%| F|  |TAMS 0x000000008e500000, 0x000000008e500000| Untracked 
| 230|0x000000008e600000, 0x000000008e600000, 0x000000008e700000|  0%| F|  |TAMS 0x000000008e600000, 0x000000008e600000| Untracked 
| 231|0x000000008e700000, 0x000000008e700000, 0x000000008e800000|  0%| F|  |TAMS 0x000000008e700000, 0x000000008e700000| Untracked 
| 232|0x000000008e800000, 0x000000008e800000, 0x000000008e900000|  0%| F|  |TAMS 0x000000008e800000, 0x000000008e800000| Untracked 
| 233|0x000000008e900000, 0x000000008e900000, 0x000000008ea00000|  0%| F|  |TAMS 0x000000008e900000, 0x000000008e900000| Untracked 
| 234|0x000000008ea00000, 0x000000008ea00000, 0x000000008eb00000|  0%| F|  |TAMS 0x000000008ea00000, 0x000000008ea00000| Untracked 
| 235|0x000000008eb00000, 0x000000008eb00000, 0x000000008ec00000|  0%| F|  |TAMS 0x000000008eb00000, 0x000000008eb00000| Untracked 
| 236|0x000000008ec00000, 0x000000008ec00000, 0x000000008ed00000|  0%| F|  |TAMS 0x000000008ec00000, 0x000000008ec00000| Untracked 
| 237|0x000000008ed00000, 0x000000008ed00000, 0x000000008ee00000|  0%| F|  |TAMS 0x000000008ed00000, 0x000000008ed00000| Untracked 
| 238|0x000000008ee00000, 0x000000008ee00000, 0x000000008ef00000|  0%| F|  |TAMS 0x000000008ee00000, 0x000000008ee00000| Untracked 
| 239|0x000000008ef00000, 0x000000008ef00000, 0x000000008f000000|  0%| F|  |TAMS 0x000000008ef00000, 0x000000008ef00000| Untracked 
| 240|0x000000008f000000, 0x000000008f000000, 0x000000008f100000|  0%| F|  |TAMS 0x000000008f000000, 0x000000008f000000| Untracked 
| 241|0x000000008f100000, 0x000000008f100000, 0x000000008f200000|  0%| F|  |TAMS 0x000000008f100000, 0x000000008f100000| Untracked 
| 242|0x000000008f200000, 0x000000008f300000, 0x000000008f300000|100%| S|CS|TAMS 0x000000008f200000, 0x000000008f200000| Complete 
| 243|0x000000008f300000, 0x000000008f400000, 0x000000008f400000|100%| S|CS|TAMS 0x000000008f300000, 0x000000008f300000| Complete 
| 244|0x000000008f400000, 0x000000008f400000, 0x000000008f500000|  0%| F|  |TAMS 0x000000008f400000, 0x000000008f400000| Untracked 
| 245|0x000000008f500000, 0x000000008f500000, 0x000000008f600000|  0%| F|  |TAMS 0x000000008f500000, 0x000000008f500000| Untracked 
| 246|0x000000008f600000, 0x000000008f600000, 0x000000008f700000|  0%| F|  |TAMS 0x000000008f600000, 0x000000008f600000| Untracked 
| 247|0x000000008f700000, 0x000000008f800000, 0x000000008f800000|100%| S|CS|TAMS 0x000000008f700000, 0x000000008f700000| Complete 
| 248|0x000000008f800000, 0x000000008f900000, 0x000000008f900000|100%| S|CS|TAMS 0x000000008f800000, 0x000000008f800000| Complete 
| 249|0x000000008f900000, 0x000000008fa00000, 0x000000008fa00000|100%| S|CS|TAMS 0x000000008f900000, 0x000000008f900000| Complete 
| 250|0x000000008fa00000, 0x000000008fa00000, 0x000000008fb00000|  0%| F|  |TAMS 0x000000008fa00000, 0x000000008fa00000| Untracked 
| 251|0x000000008fb00000, 0x000000008fb00000, 0x000000008fc00000|  0%| F|  |TAMS 0x000000008fb00000, 0x000000008fb00000| Untracked 
| 252|0x000000008fc00000, 0x000000008fc00000, 0x000000008fd00000|  0%| F|  |TAMS 0x000000008fc00000, 0x000000008fc00000| Untracked 
| 253|0x000000008fd00000, 0x000000008fd00000, 0x000000008fe00000|  0%| F|  |TAMS 0x000000008fd00000, 0x000000008fd00000| Untracked 
| 254|0x000000008fe00000, 0x000000008fe00000, 0x000000008ff00000|  0%| F|  |TAMS 0x000000008fe00000, 0x000000008fe00000| Untracked 
| 255|0x000000008ff00000, 0x000000008ff00000, 0x0000000090000000|  0%| F|  |TAMS 0x000000008ff00000, 0x000000008ff00000| Untracked 
| 256|0x0000000090000000, 0x0000000090000000, 0x0000000090100000|  0%| F|  |TAMS 0x0000000090000000, 0x0000000090000000| Untracked 
| 257|0x0000000090100000, 0x0000000090100000, 0x0000000090200000|  0%| F|  |TAMS 0x0000000090100000, 0x0000000090100000| Untracked 
| 258|0x0000000090200000, 0x0000000090200000, 0x0000000090300000|  0%| F|  |TAMS 0x0000000090200000, 0x0000000090200000| Untracked 
| 259|0x0000000090300000, 0x0000000090300000, 0x0000000090400000|  0%| F|  |TAMS 0x0000000090300000, 0x0000000090300000| Untracked 
| 260|0x0000000090400000, 0x0000000090400000, 0x0000000090500000|  0%| F|  |TAMS 0x0000000090400000, 0x0000000090400000| Untracked 
| 261|0x0000000090500000, 0x0000000090500000, 0x0000000090600000|  0%| F|  |TAMS 0x0000000090500000, 0x0000000090500000| Untracked 
| 262|0x0000000090600000, 0x0000000090600000, 0x0000000090700000|  0%| F|  |TAMS 0x0000000090600000, 0x0000000090600000| Untracked 
| 263|0x0000000090700000, 0x0000000090700000, 0x0000000090800000|  0%| F|  |TAMS 0x0000000090700000, 0x0000000090700000| Untracked 
| 264|0x0000000090800000, 0x0000000090800000, 0x0000000090900000|  0%| F|  |TAMS 0x0000000090800000, 0x0000000090800000| Untracked 
| 265|0x0000000090900000, 0x0000000090900000, 0x0000000090a00000|  0%| F|  |TAMS 0x0000000090900000, 0x0000000090900000| Untracked 
| 266|0x0000000090a00000, 0x0000000090a00000, 0x0000000090b00000|  0%| F|  |TAMS 0x0000000090a00000, 0x0000000090a00000| Untracked 
| 267|0x0000000090b00000, 0x0000000090b00000, 0x0000000090c00000|  0%| F|  |TAMS 0x0000000090b00000, 0x0000000090b00000| Untracked 
| 268|0x0000000090c00000, 0x0000000090c00000, 0x0000000090d00000|  0%| F|  |TAMS 0x0000000090c00000, 0x0000000090c00000| Untracked 
| 269|0x0000000090d00000, 0x0000000090d00000, 0x0000000090e00000|  0%| F|  |TAMS 0x0000000090d00000, 0x0000000090d00000| Untracked 
| 270|0x0000000090e00000, 0x0000000090e00000, 0x0000000090f00000|  0%| F|  |TAMS 0x0000000090e00000, 0x0000000090e00000| Untracked 
| 271|0x0000000090f00000, 0x0000000090f00000, 0x0000000091000000|  0%| F|  |TAMS 0x0000000090f00000, 0x0000000090f00000| Untracked 
| 272|0x0000000091000000, 0x0000000091000000, 0x0000000091100000|  0%| F|  |TAMS 0x0000000091000000, 0x0000000091000000| Untracked 
| 273|0x0000000091100000, 0x0000000091100000, 0x0000000091200000|  0%| F|  |TAMS 0x0000000091100000, 0x0000000091100000| Untracked 
| 274|0x0000000091200000, 0x0000000091200000, 0x0000000091300000|  0%| F|  |TAMS 0x0000000091200000, 0x0000000091200000| Untracked 
| 275|0x0000000091300000, 0x0000000091300000, 0x0000000091400000|  0%| F|  |TAMS 0x0000000091300000, 0x0000000091300000| Untracked 
| 276|0x0000000091400000, 0x0000000091400000, 0x0000000091500000|  0%| F|  |TAMS 0x0000000091400000, 0x0000000091400000| Untracked 
| 277|0x0000000091500000, 0x0000000091500000, 0x0000000091600000|  0%| F|  |TAMS 0x0000000091500000, 0x0000000091500000| Untracked 
| 278|0x0000000091600000, 0x0000000091680800, 0x0000000091700000| 50%| E|  |TAMS 0x0000000091600000, 0x0000000091600000| Complete 
| 279|0x0000000091700000, 0x0000000091800000, 0x0000000091800000|100%| E|CS|TAMS 0x0000000091700000, 0x0000000091700000| Complete 
| 280|0x0000000091800000, 0x0000000091900000, 0x0000000091900000|100%| E|CS|TAMS 0x0000000091800000, 0x0000000091800000| Complete 
| 281|0x0000000091900000, 0x0000000091a00000, 0x0000000091a00000|100%| E|CS|TAMS 0x0000000091900000, 0x0000000091900000| Complete 
| 282|0x0000000091a00000, 0x0000000091b00000, 0x0000000091b00000|100%| E|CS|TAMS 0x0000000091a00000, 0x0000000091a00000| Complete 
| 283|0x0000000091b00000, 0x0000000091c00000, 0x0000000091c00000|100%| E|CS|TAMS 0x0000000091b00000, 0x0000000091b00000| Complete 
| 284|0x0000000091c00000, 0x0000000091d00000, 0x0000000091d00000|100%| E|CS|TAMS 0x0000000091c00000, 0x0000000091c00000| Complete 
| 285|0x0000000091d00000, 0x0000000091e00000, 0x0000000091e00000|100%| E|CS|TAMS 0x0000000091d00000, 0x0000000091d00000| Complete 

Card table byte_map: [0x000001f8622d0000,0x000001f8626d0000] _byte_map_base: 0x000001f861ed0000

Marking Bits (Prev, Next): (CMBitMap*) 0x000001f84d5f1220, (CMBitMap*) 0x000001f84d5f11e8
 Prev Bits: [0x000001f864ad0000, 0x000001f866ad0000)
 Next Bits: [0x000001f862ad0000, 0x000001f864ad0000)

Polling page: 0x000001f84d680000

Metaspace:

Usage:
  Non-class:     91.92 MB capacity,    88.28 MB ( 96%) used,     3.30 MB (  4%) free+waste,   341.19 KB ( <1%) overhead. 
      Class:     15.30 MB capacity,    13.40 MB ( 88%) used,     1.74 MB ( 11%) free+waste,   163.75 KB (  1%) overhead. 
       Both:    107.22 MB capacity,   101.68 MB ( 95%) used,     5.04 MB (  5%) free+waste,   504.94 KB ( <1%) overhead. 

Virtual space:
  Non-class space:       92.00 MB reserved,      91.92 MB (>99%) committed 
      Class space:      504.00 MB reserved,      15.38 MB (  3%) committed 
             Both:      596.00 MB reserved,     107.30 MB ( 18%) committed 

Chunk freelists:
   Non-Class:  7.00 KB
       Class:  12.00 KB
        Both:  19.00 KB

MaxMetaspaceSize: 512.00 MB
CompressedClassSpaceSize: 504.00 MB
Initial GC threshold: 20.80 MB
Current GC threshold: 170.29 MB
CDS: off

CodeHeap 'non-profiled nmethods': size=120064Kb used=8546Kb max_used=8546Kb free=111517Kb
 bounds [0x000001f85a360000, 0x000001f85abc0000, 0x000001f8618a0000]
CodeHeap 'profiled nmethods': size=120000Kb used=31581Kb max_used=31581Kb free=88418Kb
 bounds [0x000001f852e30000, 0x000001f854d10000, 0x000001f85a360000]
CodeHeap 'non-nmethods': size=5696Kb used=2423Kb max_used=2487Kb free=3272Kb
 bounds [0x000001f8528a0000, 0x000001f852b20000, 0x000001f852e30000]
 total_blobs=14780 nmethods=13840 adapters=849
 compilation: enabled
              stopped_count=0, restarted_count=0
 full_count=0

Compilation events (20 events):
Event: 220.674 Thread 0x000001f869139000 13936       3       jdk.internal.reflect.MethodAccessorGenerator::numNonPrimitiveParameterTypes (36 bytes)
Event: 220.675 Thread 0x000001f869139000 nmethod 13936 0x000001f854ceb910 code [0x000001f854cebac0, 0x000001f854cebcf8]
Event: 220.675 Thread 0x000001f869139000 13938       3       jdk.internal.reflect.MethodAccessorGenerator::buildInternalSignature (72 bytes)
Event: 220.675 Thread 0x000001f869139000 nmethod 13938 0x000001f854cebe10 code [0x000001f854cec0c0, 0x000001f854cecaa8]
Event: 220.675 Thread 0x000001f869139000 13935       3       jdk.internal.reflect.MethodAccessorGenerator::usesPrimitiveTypes (45 bytes)
Event: 220.676 Thread 0x000001f869139000 nmethod 13935 0x000001f854cece90 code [0x000001f854ced060, 0x000001f854ced338]
Event: 220.676 Thread 0x000001f869139000 13937  s    3       jdk.internal.reflect.MethodAccessorGenerator::generateName (98 bytes)
Event: 220.677 Thread 0x000001f869139000 nmethod 13937 0x000001f854ced490 code [0x000001f854ced820, 0x000001f854ceeec8]
Event: 220.677 Thread 0x000001f869139000 13939       3       jdk.internal.reflect.AccessorGenerator::emitCommonConstantPoolEntries (573 bytes)
Event: 220.678 Thread 0x000001f869134800 nmethod 13934 0x000001f85abb6210 code [0x000001f85abb63e0, 0x000001f85abb6648]
Event: 220.678 Thread 0x000001f869134800 13941  s    4       java.lang.StringBuffer::append (13 bytes)
Event: 220.686 Thread 0x000001f869139000 nmethod 13939 0x000001f854cef510 code [0x000001f854cf04a0, 0x000001f854cf8798]
Event: 220.686 Thread 0x000001f869139000 13944       3       java.util.stream.Nodes$SpinedNodeBuilder::end (29 bytes)
Event: 220.686 Thread 0x000001f869139000 nmethod 13944 0x000001f854cfc210 code [0x000001f854cfc3c0, 0x000001f854cfc4d8]
Event: 220.686 Thread 0x000001f869139000 13940       3       jdk.internal.reflect.AccessorGenerator::emitConstructor (47 bytes)
Event: 220.687 Thread 0x000001f869139000 nmethod 13940 0x000001f854cfc590 code [0x000001f854cfc880, 0x000001f854cfd838]
Event: 220.687 Thread 0x000001f869139000 13943       3       groovy.lang.MetaClassImpl::getNormalMethodWithCaching (93 bytes)
Event: 220.688 Thread 0x000001f869134800 nmethod 13941 0x000001f85abb6890 code [0x000001f85abb6a60, 0x000001f85abb7258]
Event: 220.688 Thread 0x000001f869134800 13942       4       jdk.internal.reflect.NativeMethodAccessorImpl::invoke (104 bytes)
Event: 220.688 Thread 0x000001f869139000 nmethod 13943 0x000001f854cfde90 code [0x000001f854cfe0e0, 0x000001f854cfeb38]

GC Heap History (20 events):
Event: 213.390 GC heap before
{Heap before GC invocations=90 (full 0):
 garbage-first heap   total 202752K, used 162118K [0x0000000080000000, 0x0000000100000000)
  region size 1024K, 18 young (18432K), 3 survivors (3072K)
 Metaspace       used 98765K, capacity 103122K, committed 103472K, reserved 606208K
  class space    used 13006K, capacity 14622K, committed 14720K, reserved 516096K
}
Event: 213.400 GC heap after
{Heap after GC invocations=91 (full 0):
 garbage-first heap   total 202752K, used 150444K [0x0000000080000000, 0x0000000100000000)
  region size 1024K, 3 young (3072K), 3 survivors (3072K)
 Metaspace       used 98765K, capacity 103122K, committed 103472K, reserved 606208K
  class space    used 13006K, capacity 14622K, committed 14720K, reserved 516096K
}
Event: 213.711 GC heap before
{Heap before GC invocations=91 (full 0):
 garbage-first heap   total 202752K, used 165804K [0x0000000080000000, 0x0000000100000000)
  region size 1024K, 18 young (18432K), 3 survivors (3072K)
 Metaspace       used 99054K, capacity 103633K, committed 103728K, reserved 606208K
  class space    used 13058K, capacity 14639K, committed 14720K, reserved 516096K
}
Event: 213.719 GC heap after
{Heap after GC invocations=92 (full 0):
 garbage-first heap   total 202752K, used 153045K [0x0000000080000000, 0x0000000100000000)
  region size 1024K, 3 young (3072K), 3 survivors (3072K)
 Metaspace       used 99054K, capacity 103633K, committed 103728K, reserved 606208K
  class space    used 13058K, capacity 14639K, committed 14720K, reserved 516096K
}
Event: 214.185 GC heap before
{Heap before GC invocations=92 (full 0):
 garbage-first heap   total 202752K, used 166357K [0x0000000080000000, 0x0000000100000000)
  region size 1024K, 17 young (17408K), 3 survivors (3072K)
 Metaspace       used 99294K, capacity 103931K, committed 103984K, reserved 606208K
  class space    used 13091K, capacity 14713K, committed 14720K, reserved 516096K
}
Event: 214.196 GC heap after
{Heap after GC invocations=93 (full 0):
 garbage-first heap   total 243712K, used 156963K [0x0000000080000000, 0x0000000100000000)
  region size 1024K, 3 young (3072K), 3 survivors (3072K)
 Metaspace       used 99294K, capacity 103931K, committed 103984K, reserved 606208K
  class space    used 13091K, capacity 14713K, committed 14720K, reserved 516096K
}
Event: 214.857 GC heap before
{Heap before GC invocations=94 (full 0):
 garbage-first heap   total 243712K, used 173347K [0x0000000080000000, 0x0000000100000000)
  region size 1024K, 21 young (21504K), 3 survivors (3072K)
 Metaspace       used 99585K, capacity 104357K, committed 104624K, reserved 606208K
  class space    used 13118K, capacity 14755K, committed 14848K, reserved 516096K
}
Event: 214.870 GC heap after
{Heap after GC invocations=95 (full 0):
 garbage-first heap   total 243712K, used 161001K [0x0000000080000000, 0x0000000100000000)
  region size 1024K, 4 young (4096K), 4 survivors (4096K)
 Metaspace       used 99585K, capacity 104357K, committed 104624K, reserved 606208K
  class space    used 13118K, capacity 14755K, committed 14848K, reserved 516096K
}
Event: 215.735 GC heap before
{Heap before GC invocations=96 (full 0):
 garbage-first heap   total 243712K, used 188649K [0x0000000080000000, 0x0000000100000000)
  region size 1024K, 28 young (28672K), 4 survivors (4096K)
 Metaspace       used 99902K, capacity 104842K, committed 105008K, reserved 606208K
  class space    used 13160K, capacity 14860K, committed 14976K, reserved 516096K
}
Event: 215.745 GC heap after
{Heap after GC invocations=97 (full 0):
 garbage-first heap   total 243712K, used 171936K [0x0000000080000000, 0x0000000100000000)
  region size 1024K, 4 young (4096K), 4 survivors (4096K)
 Metaspace       used 99902K, capacity 104842K, committed 105008K, reserved 606208K
  class space    used 13160K, capacity 14860K, committed 14976K, reserved 516096K
}
Event: 215.878 GC heap before
{Heap before GC invocations=97 (full 0):
 garbage-first heap   total 243712K, used 179104K [0x0000000080000000, 0x0000000100000000)
  region size 1024K, 11 young (11264K), 4 survivors (4096K)
 Metaspace       used 99982K, capacity 104936K, committed 105264K, reserved 608256K
  class space    used 13168K, capacity 14870K, committed 14976K, reserved 516096K
}
Event: 215.889 GC heap after
{Heap after GC invocations=98 (full 0):
 garbage-first heap   total 243712K, used 173331K [0x0000000080000000, 0x0000000100000000)
  region size 1024K, 2 young (2048K), 2 survivors (2048K)
 Metaspace       used 99982K, capacity 104936K, committed 105264K, reserved 608256K
  class space    used 13168K, capacity 14870K, committed 14976K, reserved 516096K
}
Event: 216.339 GC heap before
{Heap before GC invocations=98 (full 0):
 garbage-first heap   total 243712K, used 194835K [0x0000000080000000, 0x0000000100000000)
  region size 1024K, 23 young (23552K), 2 survivors (2048K)
 Metaspace       used 100138K, capacity 105285K, committed 105520K, reserved 608256K
  class space    used 13188K, capacity 14922K, committed 14976K, reserved 516096K
}
Event: 216.349 GC heap after
{Heap after GC invocations=99 (full 0):
 garbage-first heap   total 292864K, used 178495K [0x0000000080000000, 0x0000000100000000)
  region size 1024K, 3 young (3072K), 3 survivors (3072K)
 Metaspace       used 100138K, capacity 105285K, committed 105520K, reserved 608256K
  class space    used 13188K, capacity 14922K, committed 14976K, reserved 516096K
}
Event: 217.202 GC heap before
{Heap before GC invocations=99 (full 0):
 garbage-first heap   total 292864K, used 213311K [0x0000000080000000, 0x0000000100000000)
  region size 1024K, 37 young (37888K), 3 survivors (3072K)
 Metaspace       used 101796K, capacity 107081K, committed 107184K, reserved 608256K
  class space    used 13430K, capacity 15265K, committed 15360K, reserved 516096K
}
Event: 217.209 GC heap after
{Heap after GC invocations=100 (full 0):
 garbage-first heap   total 292864K, used 182083K [0x0000000080000000, 0x0000000100000000)
  region size 1024K, 4 young (4096K), 4 survivors (4096K)
 Metaspace       used 101796K, capacity 107081K, committed 107184K, reserved 608256K
  class space    used 13430K, capacity 15265K, committed 15360K, reserved 516096K
}
Event: 218.796 GC heap before
{Heap before GC invocations=100 (full 0):
 garbage-first heap   total 292864K, used 217923K [0x0000000080000000, 0x0000000100000000)
  region size 1024K, 39 young (39936K), 4 survivors (4096K)
 Metaspace       used 103742K, capacity 109112K, committed 109232K, reserved 610304K
  class space    used 13674K, capacity 15533K, committed 15616K, reserved 516096K
}
Event: 218.805 GC heap after
{Heap after GC invocations=101 (full 0):
 garbage-first heap   total 292864K, used 184825K [0x0000000080000000, 0x0000000100000000)
  region size 1024K, 3 young (3072K), 3 survivors (3072K)
 Metaspace       used 103742K, capacity 109112K, committed 109232K, reserved 610304K
  class space    used 13674K, capacity 15533K, committed 15616K, reserved 516096K
}
Event: 220.484 GC heap before
{Heap before GC invocations=101 (full 0):
 garbage-first heap   total 292864K, used 225785K [0x0000000080000000, 0x0000000100000000)
  region size 1024K, 39 young (39936K), 3 survivors (3072K)
 Metaspace       used 104052K, capacity 109679K, committed 109872K, reserved 610304K
  class space    used 13710K, capacity 15631K, committed 15744K, reserved 516096K
}
Event: 220.499 GC heap after
{Heap after GC invocations=102 (full 0):
 garbage-first heap   total 292864K, used 200118K [0x0000000080000000, 0x0000000100000000)
  region size 1024K, 5 young (5120K), 5 survivors (5120K)
 Metaspace       used 104052K, capacity 109679K, committed 109872K, reserved 610304K
  class space    used 13710K, capacity 15631K, committed 15744K, reserved 516096K
}

Deoptimization events (20 events):
Event: 216.947 Thread 0x000001f86aa62800 DEOPT PACKING pc=0x000001f85aae10b4 sp=0x0000006c6fff9580
Event: 216.947 Thread 0x000001f86aa62800 DEOPT UNPACKING pc=0x000001f8528a85af sp=0x0000006c6fff9560 mode 2
Event: 218.549 Thread 0x000001f86aa62800 DEOPT PACKING pc=0x000001f854bade5a sp=0x0000006c6fff90f0
Event: 218.549 Thread 0x000001f86aa62800 DEOPT UNPACKING pc=0x000001f8528e9d0e sp=0x0000006c6fff86c0 mode 0
Event: 218.560 Thread 0x000001f86aa62800 DEOPT PACKING pc=0x000001f854bade5a sp=0x0000006c6fff8ec0
Event: 218.560 Thread 0x000001f86aa62800 DEOPT UNPACKING pc=0x000001f8528e9d0e sp=0x0000006c6fff8490 mode 0
Event: 218.563 Thread 0x000001f86aa62800 DEOPT PACKING pc=0x000001f854bade5a sp=0x0000006c6fff90d0
Event: 218.563 Thread 0x000001f86aa62800 DEOPT UNPACKING pc=0x000001f8528e9d0e sp=0x0000006c6fff86a0 mode 0
Event: 218.813 Thread 0x000001f86abea800 Uncommon trap: trap_request=0xffffff4d fr.pc=0x000001f85aa27610 relative=0x0000000000000690
Event: 218.813 Thread 0x000001f86abea800 Uncommon trap: reason=unstable_if action=reinterpret pc=0x000001f85aa27610 method=java.util.concurrent.ConcurrentLinkedQueue.poll()Ljava/lang/Object; @ 24 c2
Event: 218.813 Thread 0x000001f86abea800 DEOPT PACKING pc=0x000001f85aa27610 sp=0x0000006c713fe270
Event: 218.813 Thread 0x000001f86abea800 DEOPT UNPACKING pc=0x000001f8528a85af sp=0x0000006c713fe1b8 mode 2
Event: 220.356 Thread 0x000001f86aa62800 DEOPT PACKING pc=0x000001f854c5f160 sp=0x0000006c6ffee3c0
Event: 220.356 Thread 0x000001f86aa62800 DEOPT UNPACKING pc=0x000001f8528e9d0e sp=0x0000006c6ffed948 mode 0
Event: 220.371 Thread 0x000001f86aa62800 DEOPT PACKING pc=0x000001f854c5f160 sp=0x0000006c6ffee3c0
Event: 220.371 Thread 0x000001f86aa62800 DEOPT UNPACKING pc=0x000001f8528e9d0e sp=0x0000006c6ffed948 mode 0
Event: 220.402 Thread 0x000001f86aa62800 DEOPT PACKING pc=0x000001f854c5f160 sp=0x0000006c6ffee3c0
Event: 220.402 Thread 0x000001f86aa62800 DEOPT UNPACKING pc=0x000001f8528e9d0e sp=0x0000006c6ffed948 mode 0
Event: 220.568 Thread 0x000001f86aa62800 DEOPT PACKING pc=0x000001f854c5f160 sp=0x0000006c6ffee3c0
Event: 220.568 Thread 0x000001f86aa62800 DEOPT UNPACKING pc=0x000001f8528e9d0e sp=0x0000006c6ffed948 mode 0

Classes redefined (0 events):
No events

Internal exceptions (20 events):
Event: 220.383 Thread 0x000001f86aa62800 Exception <a 'java/security/PrivilegedActionException'{0x000000008fb3f268}> (0x000000008fb3f268) thrown at [src/hotspot/share/prims/jvm.cpp, line 1306]
Event: 220.383 Thread 0x000001f86aa62800 Exception <a 'java/security/PrivilegedActionException'{0x000000008fb40a78}> (0x000000008fb40a78) thrown at [src/hotspot/share/prims/jvm.cpp, line 1306]
Event: 220.383 Thread 0x000001f86aa62800 Exception <a 'java/security/PrivilegedActionException'{0x000000008fb440f8}> (0x000000008fb440f8) thrown at [src/hotspot/share/prims/jvm.cpp, line 1306]
Event: 220.383 Thread 0x000001f86aa62800 Exception <a 'java/security/PrivilegedActionException'{0x000000008fb45908}> (0x000000008fb45908) thrown at [src/hotspot/share/prims/jvm.cpp, line 1306]
Event: 220.451 Thread 0x000001f86aa62800 Exception <a 'java/security/PrivilegedActionException'{0x000000008fbe5fc8}> (0x000000008fbe5fc8) thrown at [src/hotspot/share/prims/jvm.cpp, line 1306]
Event: 220.451 Thread 0x000001f86aa62800 Exception <a 'java/security/PrivilegedActionException'{0x000000008fbe77d8}> (0x000000008fbe77d8) thrown at [src/hotspot/share/prims/jvm.cpp, line 1306]
Event: 220.634 Thread 0x000001f86aa62800 Exception <a 'java/security/PrivilegedActionException'{0x0000000091b78078}> (0x0000000091b78078) thrown at [src/hotspot/share/prims/jvm.cpp, line 1306]
Event: 220.634 Thread 0x000001f86aa62800 Exception <a 'java/security/PrivilegedActionException'{0x0000000091b79888}> (0x0000000091b79888) thrown at [src/hotspot/share/prims/jvm.cpp, line 1306]
Event: 220.634 Thread 0x000001f86aa62800 Exception <a 'java/security/PrivilegedActionException'{0x0000000091b7cf20}> (0x0000000091b7cf20) thrown at [src/hotspot/share/prims/jvm.cpp, line 1306]
Event: 220.634 Thread 0x000001f86aa62800 Exception <a 'java/security/PrivilegedActionException'{0x0000000091b7e730}> (0x0000000091b7e730) thrown at [src/hotspot/share/prims/jvm.cpp, line 1306]
Event: 220.634 Thread 0x000001f86aa62800 Exception <a 'java/security/PrivilegedActionException'{0x0000000091b81e80}> (0x0000000091b81e80) thrown at [src/hotspot/share/prims/jvm.cpp, line 1306]
Event: 220.634 Thread 0x000001f86aa62800 Exception <a 'java/security/PrivilegedActionException'{0x0000000091b83690}> (0x0000000091b83690) thrown at [src/hotspot/share/prims/jvm.cpp, line 1306]
Event: 220.634 Thread 0x000001f86aa62800 Exception <a 'java/security/PrivilegedActionException'{0x0000000091b86d30}> (0x0000000091b86d30) thrown at [src/hotspot/share/prims/jvm.cpp, line 1306]
Event: 220.634 Thread 0x000001f86aa62800 Exception <a 'java/security/PrivilegedActionException'{0x0000000091b88540}> (0x0000000091b88540) thrown at [src/hotspot/share/prims/jvm.cpp, line 1306]
Event: 220.634 Thread 0x000001f86aa62800 Exception <a 'java/security/PrivilegedActionException'{0x0000000091b8bc30}> (0x0000000091b8bc30) thrown at [src/hotspot/share/prims/jvm.cpp, line 1306]
Event: 220.634 Thread 0x000001f86aa62800 Exception <a 'java/security/PrivilegedActionException'{0x0000000091b8d440}> (0x0000000091b8d440) thrown at [src/hotspot/share/prims/jvm.cpp, line 1306]
Event: 220.635 Thread 0x000001f86aa62800 Exception <a 'java/security/PrivilegedActionException'{0x0000000091b90b90}> (0x0000000091b90b90) thrown at [src/hotspot/share/prims/jvm.cpp, line 1306]
Event: 220.635 Thread 0x000001f86aa62800 Exception <a 'java/security/PrivilegedActionException'{0x0000000091b923a0}> (0x0000000091b923a0) thrown at [src/hotspot/share/prims/jvm.cpp, line 1306]
Event: 220.670 Thread 0x000001f86aa62800 Exception <a 'java/lang/ClassNotFoundException'{0x0000000091a7dfe0}: build_d2cvf8q2zt2g0nr4jw03gg8d4$_run_closure1BeanInfo> (0x0000000091a7dfe0) thrown at [src/hotspot/share/classfile/systemDictionary.cpp, line 230]
Event: 220.670 Thread 0x000001f86aa62800 Exception <a 'java/lang/ClassNotFoundException'{0x000000009190a610}: build_d2cvf8q2zt2g0nr4jw03gg8d4$_run_closure1Customizer> (0x000000009190a610) thrown at [src/hotspot/share/classfile/systemDictionary.cpp, line 230]

Events (20 events):
Event: 220.258 loading class build_d2cvf8q2zt2g0nr4jw03gg8d4Customizer
Event: 220.258 loading class build_d2cvf8q2zt2g0nr4jw03gg8d4Customizer done
Event: 220.337 loading class groovy/runtime/metaclass/build_d2cvf8q2zt2g0nr4jw03gg8d4$_run_closure1MetaClass
Event: 220.337 loading class groovy/runtime/metaclass/build_d2cvf8q2zt2g0nr4jw03gg8d4$_run_closure1MetaClass done
Event: 220.340 loading class groovy/runtime/metaclass/build_d2cvf8q2zt2g0nr4jw03gg8d4$_run_closure1$_closure4MetaClass
Event: 220.340 loading class groovy/runtime/metaclass/build_d2cvf8q2zt2g0nr4jw03gg8d4$_run_closure1$_closure4MetaClass done
Event: 220.484 Executing VM operation: G1CollectForAllocation
Event: 220.499 Executing VM operation: G1CollectForAllocation done
Event: 220.669 loading class build_d2cvf8q2zt2g0nr4jw03gg8d4$_run_closure1BeanInfo
Event: 220.669 loading class build_d2cvf8q2zt2g0nr4jw03gg8d4$_run_closure1BeanInfo done
Event: 220.670 loading class build_d2cvf8q2zt2g0nr4jw03gg8d4$_run_closure1Customizer
Event: 220.670 loading class build_d2cvf8q2zt2g0nr4jw03gg8d4$_run_closure1Customizer done
Event: 220.672 loading class groovy/runtime/metaclass/build_d2cvf8q2zt2g0nr4jw03gg8d4$_run_closure1$_closure4$_closure9MetaClass
Event: 220.672 loading class groovy/runtime/metaclass/build_d2cvf8q2zt2g0nr4jw03gg8d4$_run_closure1$_closure4$_closure9MetaClass done
Event: 220.683 loading class groovy/runtime/metaclass/build_d2cvf8q2zt2g0nr4jw03gg8d4$_run_closure1$_closure5MetaClass
Event: 220.683 loading class groovy/runtime/metaclass/build_d2cvf8q2zt2g0nr4jw03gg8d4$_run_closure1$_closure5MetaClass done
Event: 220.685 loading class groovy/runtime/metaclass/build_d2cvf8q2zt2g0nr4jw03gg8d4$_run_closure1$_closure6MetaClass
Event: 220.685 loading class groovy/runtime/metaclass/build_d2cvf8q2zt2g0nr4jw03gg8d4$_run_closure1$_closure6MetaClass done
Event: 220.687 loading class groovy/runtime/metaclass/build_d2cvf8q2zt2g0nr4jw03gg8d4$_run_closure1$_closure7MetaClass
Event: 220.687 loading class groovy/runtime/metaclass/build_d2cvf8q2zt2g0nr4jw03gg8d4$_run_closure1$_closure7MetaClass done


Dynamic libraries:
0x00007ff727ee0000 - 0x00007ff727eea000 	C:\Program Files\Android\Android Studio1\jbr\bin\java.exe
0x00007ffb0bb30000 - 0x00007ffb0bd44000 	C:\Windows\SYSTEM32\ntdll.dll
0x00007ffb0a7c0000 - 0x00007ffb0a882000 	C:\Windows\System32\KERNEL32.DLL
0x00007ffb095a0000 - 0x00007ffb0993c000 	C:\Windows\System32\KERNELBASE.dll
0x00007ffb08ff0000 - 0x00007ffb09101000 	C:\Windows\System32\ucrtbase.dll
0x00007ffaf1490000 - 0x00007ffaf14a7000 	C:\Program Files\Android\Android Studio1\jbr\bin\jli.dll
0x00007ffb0b860000 - 0x00007ffb0ba0b000 	C:\Windows\System32\USER32.dll
0x00007ffb09500000 - 0x00007ffb09526000 	C:\Windows\System32\win32u.dll
0x00007ffb09940000 - 0x00007ffb09969000 	C:\Windows\System32\GDI32.dll
0x00007ffb091d0000 - 0x00007ffb092e3000 	C:\Windows\System32\gdi32full.dll
0x00007ffb09460000 - 0x00007ffb094fa000 	C:\Windows\System32\msvcp_win.dll
0x00007ffaebbd0000 - 0x00007ffaebbeb000 	C:\Program Files\Android\Android Studio1\jbr\bin\VCRUNTIME140.dll
0x00007ffaec690000 - 0x00007ffaec91e000 	C:\Windows\WinSxS\amd64_microsoft.windows.common-controls_6595b64144ccf1df_6.0.22621.608_none_a9444ca7c10bb01d\COMCTL32.dll
0x00007ffb0aea0000 - 0x00007ffb0af47000 	C:\Windows\System32\msvcrt.dll
0x00007ffb0a3e0000 - 0x00007ffb0a411000 	C:\Windows\System32\IMM32.DLL
0x00007ffb05ad0000 - 0x00007ffb05adc000 	C:\Program Files\Android\Android Studio1\jbr\bin\vcruntime140_1.dll
0x00007ffae6b80000 - 0x00007ffae6c0d000 	C:\Program Files\Android\Android Studio1\jbr\bin\msvcp140.dll
0x00007ffa7ae80000 - 0x00007ffa7ba3c000 	C:\Program Files\Android\Android Studio1\jbr\bin\server\jvm.dll
0x00007ffb0b450000 - 0x00007ffb0b4fe000 	C:\Windows\System32\ADVAPI32.dll
0x00007ffb0ba40000 - 0x00007ffb0bae4000 	C:\Windows\System32\sechost.dll
0x00007ffb09970000 - 0x00007ffb09a87000 	C:\Windows\System32\RPCRT4.dll
0x00007ffb0b850000 - 0x00007ffb0b858000 	C:\Windows\System32\PSAPI.DLL
0x00007ffb03dd0000 - 0x00007ffb03dd9000 	C:\Windows\SYSTEM32\WSOCK32.dll
0x00007ffb0a890000 - 0x00007ffb0a901000 	C:\Windows\System32\WS2_32.dll
0x00007ffb01d70000 - 0x00007ffb01da4000 	C:\Windows\SYSTEM32\WINMM.dll
0x00007ffb06b80000 - 0x00007ffb06b8a000 	C:\Windows\SYSTEM32\VERSION.dll
0x00007ffb07f30000 - 0x00007ffb07f48000 	C:\Windows\SYSTEM32\kernel.appcore.dll
0x00007ffb038d0000 - 0x00007ffb038e0000 	C:\Program Files\Android\Android Studio1\jbr\bin\verify.dll
0x00007ffb05be0000 - 0x00007ffb05e0e000 	C:\Windows\SYSTEM32\DBGHELP.DLL
0x00007ffb0a430000 - 0x00007ffb0a7b9000 	C:\Windows\System32\combase.dll
0x00007ffb0adc0000 - 0x00007ffb0ae97000 	C:\Windows\System32\OLEAUT32.dll
0x00007ffae6b00000 - 0x00007ffae6b32000 	C:\Windows\SYSTEM32\dbgcore.DLL
0x00007ffb08f70000 - 0x00007ffb08feb000 	C:\Windows\System32\bcryptPrimitives.dll
0x00007ffad9550000 - 0x00007ffad9578000 	C:\Program Files\Android\Android Studio1\jbr\bin\java.dll
0x00007ffae9220000 - 0x00007ffae922a000 	C:\Program Files\Android\Android Studio1\jbr\bin\jimage.dll
0x00007ffae60f0000 - 0x00007ffae6108000 	C:\Program Files\Android\Android Studio1\jbr\bin\zip.dll
0x00007ffb09b90000 - 0x00007ffb0a380000 	C:\Windows\System32\SHELL32.dll
0x00007ffb06f30000 - 0x00007ffb077fd000 	C:\Windows\SYSTEM32\windows.storage.dll
0x00007ffb06df0000 - 0x00007ffb06f2e000 	C:\Windows\SYSTEM32\wintypes.dll
0x00007ffb0ab50000 - 0x00007ffb0ac41000 	C:\Windows\System32\SHCORE.dll
0x00007ffb0b5b0000 - 0x00007ffb0b60e000 	C:\Windows\System32\shlwapi.dll
0x00007ffb08ea0000 - 0x00007ffb08ec1000 	C:\Windows\SYSTEM32\profapi.dll
0x00007ffad95a0000 - 0x00007ffad95b9000 	C:\Program Files\Android\Android Studio1\jbr\bin\net.dll
0x00007ffb006b0000 - 0x00007ffb007e7000 	C:\Windows\SYSTEM32\WINHTTP.dll
0x00007ffb083f0000 - 0x00007ffb08459000 	C:\Windows\system32\mswsock.dll
0x00007ffad9530000 - 0x00007ffad9543000 	C:\Program Files\Android\Android Studio1\jbr\bin\nio.dll
0x00007ffb03da0000 - 0x00007ffb03dc7000 	C:\Users\jhajh\.gradle\native\e1d6ef7f7dcc3fd88c89a11ec53ec762bb8ba0a96d01ffa2cd45eb1d1d8dd5c5\windows-amd64\native-platform.dll
0x00007ffab9a20000 - 0x00007ffab9b64000 	C:\Users\jhajh\.gradle\native\0d407fdbe67a94daf76414ababcb853783967236a71b16ec16e742cd7a986fd3\windows-amd64\native-platform-file-events.dll
0x00007ffae67e0000 - 0x00007ffae67ea000 	C:\Program Files\Android\Android Studio1\jbr\bin\management.dll
0x00007ffae5f30000 - 0x00007ffae5f3b000 	C:\Program Files\Android\Android Studio1\jbr\bin\management_ext.dll
0x00007ffb08690000 - 0x00007ffb086ab000 	C:\Windows\SYSTEM32\CRYPTSP.dll
0x00007ffb07ef0000 - 0x00007ffb07f25000 	C:\Windows\system32\rsaenh.dll
0x00007ffb08510000 - 0x00007ffb08538000 	C:\Windows\SYSTEM32\USERENV.dll
0x00007ffb08850000 - 0x00007ffb08878000 	C:\Windows\SYSTEM32\bcrypt.dll
0x00007ffb086b0000 - 0x00007ffb086bc000 	C:\Windows\SYSTEM32\CRYPTBASE.dll
0x00007ffb07a50000 - 0x00007ffb07a7d000 	C:\Windows\SYSTEM32\IPHLPAPI.DLL
0x00007ffb0b840000 - 0x00007ffb0b849000 	C:\Windows\System32\NSI.dll
0x00007ffb00a10000 - 0x00007ffb00a29000 	C:\Windows\SYSTEM32\dhcpcsvc6.DLL
0x00007ffb00640000 - 0x00007ffb0065f000 	C:\Windows\SYSTEM32\dhcpcsvc.DLL
0x00007ffb07ac0000 - 0x00007ffb07bb3000 	C:\Windows\SYSTEM32\DNSAPI.dll

dbghelp: loaded successfully - version: 4.0.5 - missing functions: none
symbol engine: initialized successfully - sym options: 0x614 - pdb path: .;C:\Program Files\Android\Android Studio1\jbr\bin;C:\Windows\SYSTEM32;C:\Windows\WinSxS\amd64_microsoft.windows.common-controls_6595b64144ccf1df_6.0.22621.608_none_a9444ca7c10bb01d;C:\Program Files\Android\Android Studio1\jbr\bin\server;C:\Users\jhajh\.gradle\native\e1d6ef7f7dcc3fd88c89a11ec53ec762bb8ba0a96d01ffa2cd45eb1d1d8dd5c5\windows-amd64;C:\Users\jhajh\.gradle\native\0d407fdbe67a94daf76414ababcb853783967236a71b16ec16e742cd7a986fd3\windows-amd64

VM Arguments:
jvm_args: -XX:MaxMetaspaceSize=512m --add-opens=java.base/java.util=ALL-UNNAMED --add-opens=java.base/java.lang=ALL-UNNAMED --add-opens=java.base/java.lang.invoke=ALL-UNNAMED --add-opens=java.base/java.util=ALL-UNNAMED --add-opens=java.prefs/java.util.prefs=ALL-UNNAMED --add-opens=java.prefs/java.util.prefs=ALL-UNNAMED --add-opens=java.base/java.nio.charset=ALL-UNNAMED --add-opens=java.base/java.net=ALL-UNNAMED --add-opens=java.base/java.util.concurrent.atomic=ALL-UNNAMED -Xmx2048m -Dfile.encoding=windows-1252 -Duser.country=US -Duser.language=en -Duser.variant 
java_command: org.gradle.launcher.daemon.bootstrap.GradleDaemon 7.5.1
java_class_path (initial): C:\Users\jhajh\.gradle\wrapper\dists\gradle-7.5.1-all\1ehga6e77gqps5uk2kc5kf1vc\gradle-7.5.1\lib\gradle-launcher-7.5.1.jar
Launcher Type: SUN_STANDARD

[Global flags]
     intx CICompilerCount                          = 3                                         {product} {ergonomic}
   size_t CompressedClassSpaceSize                 = 528482304                                 {product} {ergonomic}
     uint ConcGCThreads                            = 1                                         {product} {ergonomic}
     uint G1ConcRefinementThreads                  = 4                                         {product} {ergonomic}
   size_t G1HeapRegionSize                         = 1048576                                   {product} {ergonomic}
    uintx GCDrainStackTargetSize                   = 64                                        {product} {ergonomic}
   size_t InitialHeapSize                          = 130023424                                 {product} {ergonomic}
   size_t MarkStackSize                            = 4194304                                   {product} {ergonomic}
   size_t MaxHeapSize                              = 2147483648                                {product} {command line}
   size_t MaxMetaspaceSize                         = 536870912                                 {product} {command line}
   size_t MaxNewSize                               = 1287651328                                {product} {ergonomic}
   size_t MinHeapDeltaBytes                        = 1048576                                   {product} {ergonomic}
    uintx NonNMethodCodeHeapSize                   = 5830732                                {pd product} {ergonomic}
    uintx NonProfiledCodeHeapSize                  = 122913754                              {pd product} {ergonomic}
    uintx ProfiledCodeHeapSize                     = 122913754                              {pd product} {ergonomic}
    uintx ReservedCodeCacheSize                    = 251658240                              {pd product} {ergonomic}
     bool SegmentedCodeCache                       = true                                      {product} {ergonomic}
     bool UseCompressedClassPointers               = true                                 {lp64_product} {ergonomic}
     bool UseCompressedOops                        = true                                 {lp64_product} {ergonomic}
     bool UseG1GC                                  = true                                      {product} {ergonomic}
     bool UseLargePagesIndividualAllocation        = false                                  {pd product} {ergonomic}

Logging:
Log output configuration:
 #0: stdout all=warning uptime,level,tags
 #1: stderr all=off uptime,level,tags

Environment Variables:
JAVA_HOME=C:\Program Files\Microsoft\jdk-11.0.18.10-hotspot\
PATH=C:\Program Files\Microsoft\jdk-11.0.18.10-hotspot\bin;C:\Program Files (x86)\Common Files\Oracle\Java\javapath;C:\Windows\system32;C:\Windows;C:\Windows\System32\Wbem;C:\Windows\System32\WindowsPowerShell\v1.0\;C:\Windows\System32\OpenSSH\;C:\Users\jhajh\AppData\Roaming\nvm;C:\Program Files\nodejs;C:\Program Files\Git\cmd;C:\Users\jhajh\AppData\Local\Packages\PythonSoftwareFoundation.Python.3.10_qbz5n2kfra8p0\LocalCache\local-packages\Python310\Scripts;C:\ProgramData\chocolatey\bin;C:\Users\jhajh\AppData\Local\Android\Sdk\platform-tools;C:\Ruby27-x64\bin;C:\Users\jhajh\AppData\Local\Microsoft\WindowsApps;C:\Users\jhajh\AppData\Roaming\nvm;C:\Program Files\nodejs;C:\Users\jhajh\AppData\Local\Programs\Microsoft VS Code\bin;C:\Users\jhajh\AppData\Local\GitHubDesktop\bin;C:\Users\jhajh\AppData\Local\Programs\mongosh\
USERNAME=jhajh
OS=Windows_NT
PROCESSOR_IDENTIFIER=Intel64 Family 6 Model 126 Stepping 5, GenuineIntel



---------------  S Y S T E M  ---------------

OS: Windows 11 , 64 bit Build 22621 (10.0.22621.1485)
OS uptime: 0 days 7:16 hours
Hyper-V role detected

CPU:total 4 (initial active 4) (2 cores per cpu, 2 threads per core) family 6 model 126 stepping 5 microcode 0xa0, cmov, cx8, fxsr, mmx, sse, sse2, sse3, ssse3, sse4.1, sse4.2, popcnt, avx, avx2, aes, clmul, erms, 3dnowpref, lzcnt, ht, tsc, tscinvbit, bmi1, bmi2, adx, evex, sha, fma

Memory: 4k page, system-wide physical 7880M (525M free)
TotalPageFile size 19040M (AvailPageFile size 2M)
current process WorkingSet (physical memory assigned to process): 496M, peak: 496M
current process commit charge ("private bytes"): 630M, peak: 630M

vm_info: OpenJDK 64-Bit Server VM (11.0.15+0-b2043.56-9505619) for windows-amd64 JRE (11.0.15+0-b2043.56-9505619), built on Jan 19 2023 02:48:00 by "builduser" with unknown MS VC++:1929

END.
