#
# There is insufficient memory for the Java Runtime Environment to continue.
# Native memory allocation (malloc) failed to allocate 1174656 bytes for Chunk::new
# Possible reasons:
#   The system is out of physical RAM or swap space
#   The process is running with CompressedOops enabled, and the Java Heap may be blocking the growth of the native heap
# Possible solutions:
#   Reduce memory load on the system
#   Increase physical memory or swap space
#   Check if swap backing store is full
#   Decrease Java heap size (-Xmx/-Xms)
#   Decrease number of Java threads
#   Decrease Java thread stack sizes (-Xss)
#   Set larger code cache with -XX:ReservedCodeCacheSize=
#   JVM is running with Unscaled Compressed Oops mode in which the Java heap is
#     placed in the first 4GB address space. The Java Heap base address is the
#     maximum limit for the native heap growth. Please use -XX:HeapBaseMinAddress
#     to set the Java Heap base and to place the Java Heap above 4GB virtual address.
# This output file may be truncated or incomplete.
#
#  Out of Memory Error (src/hotspot/share/memory/arena.cpp:197), pid=17540, tid=10136
#
# JRE version: OpenJDK Runtime Environment (11.0.15) (build 11.0.15+0-b2043.56-9505619)
# Java VM: OpenJDK 64-Bit Server VM (11.0.15+0-b2043.56-9505619, mixed mode, tiered, compressed oops, g1 gc, windows-amd64)
# No core dump will be written. Minidumps are not enabled by default on client versions of Windows
#

---------------  S U M M A R Y ------------

Command Line: -XX:MaxMetaspaceSize=512m --add-opens=java.base/java.util=ALL-UNNAMED --add-opens=java.base/java.lang=ALL-UNNAMED --add-opens=java.base/java.lang.invoke=ALL-UNNAMED --add-opens=java.base/java.util=ALL-UNNAMED --add-opens=java.prefs/java.util.prefs=ALL-UNNAMED --add-opens=java.prefs/java.util.prefs=ALL-UNNAMED --add-opens=java.base/java.nio.charset=ALL-UNNAMED --add-opens=java.base/java.net=ALL-UNNAMED --add-opens=java.base/java.util.concurrent.atomic=ALL-UNNAMED -Xmx2048m -Dfile.encoding=windows-1252 -Duser.country=US -Duser.language=en -Duser.variant org.gradle.launcher.daemon.bootstrap.GradleDaemon 7.5.1

Host: Intel(R) Core(TM) i3-1005G1 CPU @ 1.20GHz, 4 cores, 7G,  Windows 11 , 64 bit Build 22621 (10.0.22621.1485)
Time: Sun Apr 23 01:48:14 2023 India Standard Time elapsed time: 43.078126 seconds (0d 0h 0m 43s)

---------------  T H R E A D  ---------------

Current thread (0x000001c2ffe48800):  JavaThread "C2 CompilerThread0" daemon [_thread_in_native, id=10136, stack(0x000000a53b200000,0x000000a53b300000)]


Current CompileTask:
C2:  43078 7123 %     4       org.gradle.internal.instantiation.generator.AbstractClassGenerator::inspectType @ 107 (560 bytes)

Stack: [0x000000a53b200000,0x000000a53b300000]
Native frames: (J=compiled Java code, j=interpreted, Vv=VM code, C=native code)
V  [jvm.dll+0x64135a]
V  [jvm.dll+0x7d39f9]
V  [jvm.dll+0x7d51b9]
V  [jvm.dll+0x7d58a3]
V  [jvm.dll+0x2691c5]
V  [jvm.dll+0xc1a5c]
V  [jvm.dll+0xc200c]
V  [jvm.dll+0x2da2c2]
V  [jvm.dll+0x54cad9]
V  [jvm.dll+0x22a011]
V  [jvm.dll+0x223809]
V  [jvm.dll+0x220384]
V  [jvm.dll+0x19e851]
V  [jvm.dll+0x230479]
V  [jvm.dll+0x22e5ef]
V  [jvm.dll+0x794de1]
V  [jvm.dll+0x78dc24]
V  [jvm.dll+0x6400f6]
C  [ucrtbase.dll+0x29363]
C  [KERNEL32.DLL+0x1269d]
C  [ntdll.dll+0x5a9f8]


---------------  P R O C E S S  ---------------

Threads class SMR info:
_java_thread_list=0x000001c282aad1f0, length=75, elements={
0x000001c2e406c000, 0x000001c2ffe25000, 0x000001c2ffe29000, 0x000001c2ffe41000,
0x000001c2ffe44000, 0x000001c2ffe45800, 0x000001c2ffe48800, 0x000001c2ffe4b000,
0x000001c2ffe67000, 0x000001c28097c000, 0x000001c282831800, 0x000001c2817a3800,
0x000001c28201d800, 0x000001c282235000, 0x000001c2822be000, 0x000001c283233000,
0x000001c28300d000, 0x000001c2831da800, 0x000001c2828f1000, 0x000001c28318a800,
0x000001c282bcc000, 0x000001c282bc7800, 0x000001c282bc7000, 0x000001c282bc8800,
0x000001c282bcd800, 0x000001c282bc9800, 0x000001c282bcb000, 0x000001c282bca000,
0x000001c282bcc800, 0x000001c283f3e800, 0x000001c283f43000, 0x000001c283f41000,
0x000001c283f40800, 0x000001c283f45000, 0x000001c283f3f800, 0x000001c283f47800,
0x000001c283f4c000, 0x000001c283f46000, 0x000001c283f47000, 0x000001c283f48800,
0x000001c283f49800, 0x000001c283f4a000, 0x000001c283f4b000, 0x000001c283f4c800,
0x000001c283f4d800, 0x000001c2834a7000, 0x000001c2834a8000, 0x000001c2834a4800,
0x000001c2834ab000, 0x000001c2834aa000, 0x000001c2834a5800, 0x000001c2834a8800,
0x000001c2834a9800, 0x000001c2834ac000, 0x000001c2834a6000, 0x000001c2834b0800,
0x000001c2834ad800, 0x000001c2834ae800, 0x000001c2834b1800, 0x000001c2834af000,
0x000001c2834ac800, 0x000001c2834b0000, 0x000001c2834b2800, 0x000001c2834b3000,
0x000001c284623800, 0x000001c284625000, 0x000001c284621000, 0x000001c284620000,
0x000001c284624000, 0x000001c284622000, 0x000001c284627800, 0x000001c284626000,
0x000001c284628800, 0x000001c284626800, 0x000001c281a3d800
}

Java Threads: ( => current thread )
  0x000001c2e406c000 JavaThread "main" [_thread_blocked, id=1072, stack(0x000000a53a600000,0x000000a53a700000)]
  0x000001c2ffe25000 JavaThread "Reference Handler" daemon [_thread_blocked, id=16268, stack(0x000000a53ad00000,0x000000a53ae00000)]
  0x000001c2ffe29000 JavaThread "Finalizer" daemon [_thread_blocked, id=19404, stack(0x000000a53ae00000,0x000000a53af00000)]
  0x000001c2ffe41000 JavaThread "Signal Dispatcher" daemon [_thread_blocked, id=7592, stack(0x000000a53af00000,0x000000a53b000000)]
  0x000001c2ffe44000 JavaThread "Attach Listener" daemon [_thread_blocked, id=18028, stack(0x000000a53b000000,0x000000a53b100000)]
  0x000001c2ffe45800 JavaThread "Service Thread" daemon [_thread_blocked, id=4972, stack(0x000000a53b100000,0x000000a53b200000)]
=>0x000001c2ffe48800 JavaThread "C2 CompilerThread0" daemon [_thread_in_native, id=10136, stack(0x000000a53b200000,0x000000a53b300000)]
  0x000001c2ffe4b000 JavaThread "C1 CompilerThread0" daemon [_thread_blocked, id=9728, stack(0x000000a53b300000,0x000000a53b400000)]
  0x000001c2ffe67000 JavaThread "Sweeper thread" daemon [_thread_blocked, id=7884, stack(0x000000a53b400000,0x000000a53b500000)]
  0x000001c28097c000 JavaThread "Common-Cleaner" daemon [_thread_blocked, id=14396, stack(0x000000a53b500000,0x000000a53b600000)]
  0x000001c282831800 JavaThread "Daemon health stats" [_thread_blocked, id=11748, stack(0x000000a53b900000,0x000000a53ba00000)]
  0x000001c2817a3800 JavaThread "Incoming local TCP Connector on port 62048" [_thread_in_native, id=17080, stack(0x000000a53b800000,0x000000a53b900000)]
  0x000001c28201d800 JavaThread "Daemon periodic checks" [_thread_blocked, id=6996, stack(0x000000a53ba00000,0x000000a53bb00000)]
  0x000001c282235000 JavaThread "Daemon" [_thread_blocked, id=12344, stack(0x000000a53bb00000,0x000000a53bc00000)]
  0x000001c2822be000 JavaThread "Handler for socket connection from /127.0.0.1:62048 to /127.0.0.1:62049" [_thread_in_native, id=6992, stack(0x000000a53bc00000,0x000000a53bd00000)]
  0x000001c283233000 JavaThread "Cancel handler" [_thread_blocked, id=11792, stack(0x000000a53bd00000,0x000000a53be00000)]
  0x000001c28300d000 JavaThread "Daemon worker" [_thread_in_vm, id=15440, stack(0x000000a53be00000,0x000000a53bf00000)]
  0x000001c2831da800 JavaThread "Asynchronous log dispatcher for DefaultDaemonConnection: socket connection from /127.0.0.1:62048 to /127.0.0.1:62049" [_thread_blocked, id=18004, stack(0x000000a53bf00000,0x000000a53c000000)]
  0x000001c2828f1000 JavaThread "Stdin handler" [_thread_blocked, id=14372, stack(0x000000a53c000000,0x000000a53c100000)]
  0x000001c28318a800 JavaThread "Daemon client event forwarder" [_thread_blocked, id=17512, stack(0x000000a53c100000,0x000000a53c200000)]
  0x000001c282bcc000 JavaThread "Cache worker for journal cache (C:\Users\jhajh\.gradle\caches\journal-1)" [_thread_blocked, id=15924, stack(0x000000a53c500000,0x000000a53c600000)]
  0x000001c282bc7800 JavaThread "File lock request listener" [_thread_in_native, id=10488, stack(0x000000a53c600000,0x000000a53c700000)]
  0x000001c282bc7000 JavaThread "Cache worker for file hash cache (C:\Users\jhajh\.gradle\caches\7.5.1\fileHashes)" [_thread_blocked, id=16256, stack(0x000000a53c700000,0x000000a53c800000)]
  0x000001c282bc8800 JavaThread "File watcher server" daemon [_thread_in_native, id=13352, stack(0x000000a53c800000,0x000000a53c900000)]
  0x000001c282bcd800 JavaThread "File watcher consumer" daemon [_thread_blocked, id=13732, stack(0x000000a53c900000,0x000000a53ca00000)]
  0x000001c282bc9800 JavaThread "Cache worker for checksums cache (C:\Users\jhajh\Documents\GitHub\mobile-app\main\android\.gradle\7.5.1\checksums)" [_thread_blocked, id=7372, stack(0x000000a53ca00000,0x000000a53cb00000)]
  0x000001c282bcb000 JavaThread "Cache worker for cache directory md-rule (C:\Users\jhajh\.gradle\caches\7.5.1\md-rule)" [_thread_blocked, id=16644, stack(0x000000a53cb00000,0x000000a53cc00000)]
  0x000001c282bca000 JavaThread "Cache worker for file content cache (C:\Users\jhajh\.gradle\caches\7.5.1\fileContent)" [_thread_blocked, id=6264, stack(0x000000a53cc00000,0x000000a53cd00000)]
  0x000001c282bcc800 JavaThread "Cache worker for file hash cache (C:\Users\jhajh\Documents\GitHub\mobile-app\main\android\.gradle\7.5.1\fileHashes)" [_thread_blocked, id=10400, stack(0x000000a53cd00000,0x000000a53ce00000)]
  0x000001c283f3e800 JavaThread "Cache worker for cache directory md-supplier (C:\Users\jhajh\.gradle\caches\7.5.1\md-supplier)" [_thread_blocked, id=2996, stack(0x000000a53ce00000,0x000000a53cf00000)]
  0x000001c283f43000 JavaThread "Cache worker for execution history cache (C:\Users\jhajh\.gradle\caches\7.5.1\executionHistory)" [_thread_blocked, id=11836, stack(0x000000a53cf00000,0x000000a53d000000)]
  0x000001c283f41000 JavaThread "jar transforms" [_thread_blocked, id=16600, stack(0x000000a53d000000,0x000000a53d100000)]
  0x000001c283f40800 JavaThread "jar transforms Thread 2" [_thread_blocked, id=8532, stack(0x000000a53d100000,0x000000a53d200000)]
  0x000001c283f45000 JavaThread "jar transforms Thread 3" [_thread_blocked, id=14988, stack(0x000000a53d200000,0x000000a53d300000)]
  0x000001c283f3f800 JavaThread "jar transforms Thread 4" [_thread_blocked, id=2056, stack(0x000000a53d300000,0x000000a53d400000)]
  0x000001c283f47800 JavaThread "Cache worker for kotlin-dsl (C:\Users\jhajh\.gradle\caches\7.5.1\kotlin-dsl)" [_thread_blocked, id=16344, stack(0x000000a53d500000,0x000000a53d600000)]
  0x000001c283f4c000 JavaThread "Cache worker for dependencies-accessors (C:\Users\jhajh\Documents\GitHub\mobile-app\main\android\.gradle\7.5.1\dependencies-accessors)" [_thread_blocked, id=2488, stack(0x000000a53d800000,0x000000a53d900000)]
  0x000001c283f46000 JavaThread "Cache worker for Build Output Cleanup Cache (C:\Users\jhajh\Documents\GitHub\mobile-app\main\node_modules\react-native-gradle-plugin\.gradle\buildOutputCleanup)" [_thread_blocked, id=14836, stack(0x000000a53d400000,0x000000a53d500000)]
  0x000001c283f47000 JavaThread "Unconstrained build operations" [_thread_blocked, id=13880, stack(0x000000a53da00000,0x000000a53db00000)]
  0x000001c283f48800 JavaThread "Unconstrained build operations Thread 2" [_thread_blocked, id=392, stack(0x000000a53db00000,0x000000a53dc00000)]
  0x000001c283f49800 JavaThread "Unconstrained build operations Thread 3" [_thread_blocked, id=8832, stack(0x000000a53dc00000,0x000000a53dd00000)]
  0x000001c283f4a000 JavaThread "Unconstrained build operations Thread 4" [_thread_blocked, id=17892, stack(0x000000a53dd00000,0x000000a53de00000)]
  0x000001c283f4b000 JavaThread "Unconstrained build operations Thread 5" [_thread_blocked, id=18724, stack(0x000000a53de00000,0x000000a53df00000)]
  0x000001c283f4c800 JavaThread "Unconstrained build operations Thread 6" [_thread_blocked, id=16800, stack(0x000000a53df00000,0x000000a53e000000)]
  0x000001c283f4d800 JavaThread "Unconstrained build operations Thread 7" [_thread_blocked, id=16004, stack(0x000000a53e000000,0x000000a53e100000)]
  0x000001c2834a7000 JavaThread "Unconstrained build operations Thread 8" [_thread_blocked, id=18592, stack(0x000000a53e100000,0x000000a53e200000)]
  0x000001c2834a8000 JavaThread "Unconstrained build operations Thread 9" [_thread_blocked, id=14184, stack(0x000000a53e200000,0x000000a53e300000)]
  0x000001c2834a4800 JavaThread "Unconstrained build operations Thread 10" [_thread_blocked, id=3708, stack(0x000000a53e300000,0x000000a53e400000)]
  0x000001c2834ab000 JavaThread "Unconstrained build operations Thread 11" [_thread_blocked, id=16544, stack(0x000000a53e400000,0x000000a53e500000)]
  0x000001c2834aa000 JavaThread "Unconstrained build operations Thread 12" [_thread_blocked, id=9392, stack(0x000000a53e500000,0x000000a53e600000)]
  0x000001c2834a5800 JavaThread "Unconstrained build operations Thread 13" [_thread_blocked, id=4252, stack(0x000000a53e600000,0x000000a53e700000)]
  0x000001c2834a8800 JavaThread "Unconstrained build operations Thread 14" [_thread_blocked, id=2304, stack(0x000000a53e700000,0x000000a53e800000)]
  0x000001c2834a9800 JavaThread "Unconstrained build operations Thread 15" [_thread_blocked, id=11328, stack(0x000000a53e800000,0x000000a53e900000)]
  0x000001c2834ac000 JavaThread "Unconstrained build operations Thread 16" [_thread_blocked, id=19444, stack(0x000000a53e900000,0x000000a53ea00000)]
  0x000001c2834a6000 JavaThread "Unconstrained build operations Thread 17" [_thread_blocked, id=15264, stack(0x000000a53ea00000,0x000000a53eb00000)]
  0x000001c2834b0800 JavaThread "Unconstrained build operations Thread 18" [_thread_blocked, id=8212, stack(0x000000a53eb00000,0x000000a53ec00000)]
  0x000001c2834ad800 JavaThread "Unconstrained build operations Thread 19" [_thread_blocked, id=6980, stack(0x000000a53ec00000,0x000000a53ed00000)]
  0x000001c2834ae800 JavaThread "Unconstrained build operations Thread 20" [_thread_blocked, id=18660, stack(0x000000a53ed00000,0x000000a53ee00000)]
  0x000001c2834b1800 JavaThread "Unconstrained build operations Thread 21" [_thread_blocked, id=13816, stack(0x000000a53ee00000,0x000000a53ef00000)]
  0x000001c2834af000 JavaThread "Unconstrained build operations Thread 22" [_thread_blocked, id=8764, stack(0x000000a53ef00000,0x000000a53f000000)]
  0x000001c2834ac800 JavaThread "Unconstrained build operations Thread 23" [_thread_blocked, id=15756, stack(0x000000a53f000000,0x000000a53f100000)]
  0x000001c2834b0000 JavaThread "Unconstrained build operations Thread 24" [_thread_blocked, id=11064, stack(0x000000a53f100000,0x000000a53f200000)]
  0x000001c2834b2800 JavaThread "Unconstrained build operations Thread 25" [_thread_blocked, id=18268, stack(0x000000a53f200000,0x000000a53f300000)]
  0x000001c2834b3000 JavaThread "Unconstrained build operations Thread 26" [_thread_blocked, id=14340, stack(0x000000a53f300000,0x000000a53f400000)]
  0x000001c284623800 JavaThread "Unconstrained build operations Thread 27" [_thread_blocked, id=17912, stack(0x000000a53f400000,0x000000a53f500000)]
  0x000001c284625000 JavaThread "Unconstrained build operations Thread 28" [_thread_blocked, id=17092, stack(0x000000a53f500000,0x000000a53f600000)]
  0x000001c284621000 JavaThread "Unconstrained build operations Thread 29" [_thread_blocked, id=15204, stack(0x000000a53f600000,0x000000a53f700000)]
  0x000001c284620000 JavaThread "Unconstrained build operations Thread 30" [_thread_blocked, id=11740, stack(0x000000a53f700000,0x000000a53f800000)]
  0x000001c284624000 JavaThread "Unconstrained build operations Thread 31" [_thread_blocked, id=2076, stack(0x000000a53f800000,0x000000a53f900000)]
  0x000001c284622000 JavaThread "Unconstrained build operations Thread 32" [_thread_blocked, id=10132, stack(0x000000a53f900000,0x000000a53fa00000)]
  0x000001c284627800 JavaThread "Unconstrained build operations Thread 33" [_thread_blocked, id=8892, stack(0x000000a53fa00000,0x000000a53fb00000)]
  0x000001c284626000 JavaThread "build event listener" [_thread_blocked, id=7420, stack(0x000000a53fb00000,0x000000a53fc00000)]
  0x000001c284628800 JavaThread "Memory manager" [_thread_blocked, id=14936, stack(0x000000a53fc00000,0x000000a53fd00000)]
  0x000001c284626800 JavaThread "Cache worker for Build Output Cleanup Cache (C:\Users\jhajh\Documents\GitHub\mobile-app\main\android\.gradle\buildOutputCleanup)" [_thread_blocked, id=8432, stack(0x000000a53d900000,0x000000a53da00000)]
  0x000001c281a3d800 JavaThread "C2 CompilerThread1" daemon [_thread_in_native, id=13536, stack(0x000000a53fd00000,0x000000a53fe00000)]

Other Threads:
  0x000001c2ffe22800 VMThread "VM Thread" [stack: 0x000000a53ac00000,0x000000a53ad00000] [id=13108]
  0x000001c280993000 WatcherThread [stack: 0x000000a53b600000,0x000000a53b700000] [id=18368]
  0x000001c2e6247000 GCTaskThread "GC Thread#0" [stack: 0x000000a53a700000,0x000000a53a800000] [id=19352]
  0x000001c28121e800 GCTaskThread "GC Thread#1" [stack: 0x000000a53b700000,0x000000a53b800000] [id=17144]
  0x000001c2831bd800 GCTaskThread "GC Thread#2" [stack: 0x000000a53c200000,0x000000a53c300000] [id=15372]
  0x000001c283175000 GCTaskThread "GC Thread#3" [stack: 0x000000a53c300000,0x000000a53c400000] [id=10164]
  0x000001c2e627b000 ConcurrentGCThread "G1 Main Marker" [stack: 0x000000a53a800000,0x000000a53a900000] [id=16932]
  0x000001c2e627c800 ConcurrentGCThread "G1 Conc#0" [stack: 0x000000a53a900000,0x000000a53aa00000] [id=4740]
  0x000001c2e62fe000 ConcurrentGCThread "G1 Refine#0" [stack: 0x000000a53aa00000,0x000000a53ab00000] [id=18872]
  0x000001c28325b000 ConcurrentGCThread "G1 Refine#1" [stack: 0x000000a53c400000,0x000000a53c500000] [id=14504]
  0x000001c2ffc92800 ConcurrentGCThread "G1 Young RemSet Sampling" [stack: 0x000000a53ab00000,0x000000a53ac00000] [id=6956]

Threads with active compile tasks:
C2 CompilerThread0    43117 7123 %     4       org.gradle.internal.instantiation.generator.AbstractClassGenerator::inspectType @ 107 (560 bytes)
C2 CompilerThread1    43117 7288       4       org.objectweb.asm.Frame::execute (2318 bytes)

VM state:not at safepoint (normal execution)

VM Mutex/Monitor currently owned by a thread: None

Heap address: 0x0000000080000000, size: 2048 MB, Compressed Oops mode: 32-bit
Narrow klass base: 0x0000000000000000, Narrow klass shift: 3
Compressed class space size: 528482304 Address: 0x0000000100000000

Heap:
 garbage-first heap   total 126976K, used 61290K [0x0000000080000000, 0x0000000100000000)
  region size 1024K, 12 young (12288K), 3 survivors (3072K)
 Metaspace       used 67470K, capacity 69538K, committed 69808K, reserved 577536K
  class space    used 8784K, capacity 9614K, committed 9728K, reserved 516096K
Heap Regions: E=young(eden), S=young(survivor), O=old, HS=humongous(starts), HC=humongous(continues), CS=collection set, F=free, A=archive, TAMS=top-at-mark-start (previous, next)
|   0|0x0000000080000000, 0x0000000080100000, 0x0000000080100000|100%|HS|  |TAMS 0x0000000080100000, 0x0000000080000000| Complete 
|   1|0x0000000080100000, 0x0000000080200000, 0x0000000080200000|100%|HC|  |TAMS 0x0000000080200000, 0x0000000080100000| Complete 
|   2|0x0000000080200000, 0x0000000080300000, 0x0000000080300000|100%|HC|  |TAMS 0x0000000080300000, 0x0000000080200000| Complete 
|   3|0x0000000080300000, 0x0000000080400000, 0x0000000080400000|100%| O|  |TAMS 0x0000000080400000, 0x0000000080300000| Untracked 
|   4|0x0000000080400000, 0x0000000080500000, 0x0000000080500000|100%| O|  |TAMS 0x0000000080500000, 0x0000000080400000| Untracked 
|   5|0x0000000080500000, 0x0000000080600000, 0x0000000080600000|100%| O|  |TAMS 0x0000000080600000, 0x0000000080500000| Untracked 
|   6|0x0000000080600000, 0x0000000080700000, 0x0000000080700000|100%| O|  |TAMS 0x0000000080700000, 0x0000000080600000| Untracked 
|   7|0x0000000080700000, 0x0000000080800000, 0x0000000080800000|100%| O|  |TAMS 0x0000000080800000, 0x0000000080700000| Untracked 
|   8|0x0000000080800000, 0x0000000080900000, 0x0000000080900000|100%| O|  |TAMS 0x0000000080900000, 0x0000000080800000| Untracked 
|   9|0x0000000080900000, 0x0000000080a00000, 0x0000000080a00000|100%| O|  |TAMS 0x0000000080a00000, 0x0000000080900000| Untracked 
|  10|0x0000000080a00000, 0x0000000080b00000, 0x0000000080b00000|100%| O|  |TAMS 0x0000000080b00000, 0x0000000080a00000| Untracked 
|  11|0x0000000080b00000, 0x0000000080c00000, 0x0000000080c00000|100%| O|  |TAMS 0x0000000080c00000, 0x0000000080b00000| Untracked 
|  12|0x0000000080c00000, 0x0000000080d00000, 0x0000000080d00000|100%| O|  |TAMS 0x0000000080d00000, 0x0000000080c00000| Untracked 
|  13|0x0000000080d00000, 0x0000000080e00000, 0x0000000080e00000|100%| O|  |TAMS 0x0000000080e00000, 0x0000000080d00000| Untracked 
|  14|0x0000000080e00000, 0x0000000080f00000, 0x0000000080f00000|100%| O|  |TAMS 0x0000000080f00000, 0x0000000080e00000| Untracked 
|  15|0x0000000080f00000, 0x0000000081000000, 0x0000000081000000|100%| O|  |TAMS 0x0000000081000000, 0x0000000080f00000| Untracked 
|  16|0x0000000081000000, 0x0000000081100000, 0x0000000081100000|100%| O|  |TAMS 0x0000000081100000, 0x0000000081000000| Untracked 
|  17|0x0000000081100000, 0x0000000081200000, 0x0000000081200000|100%| O|  |TAMS 0x0000000081200000, 0x0000000081100000| Untracked 
|  18|0x0000000081200000, 0x0000000081300000, 0x0000000081300000|100%| O|  |TAMS 0x0000000081300000, 0x0000000081200000| Untracked 
|  19|0x0000000081300000, 0x0000000081400000, 0x0000000081400000|100%| O|  |TAMS 0x0000000081400000, 0x0000000081300000| Untracked 
|  20|0x0000000081400000, 0x0000000081500000, 0x0000000081500000|100%| O|  |TAMS 0x0000000081500000, 0x0000000081400000| Untracked 
|  21|0x0000000081500000, 0x0000000081600000, 0x0000000081600000|100%| O|  |TAMS 0x0000000081600000, 0x0000000081500000| Untracked 
|  22|0x0000000081600000, 0x0000000081700000, 0x0000000081700000|100%| O|  |TAMS 0x0000000081700000, 0x0000000081600000| Untracked 
|  23|0x0000000081700000, 0x0000000081800000, 0x0000000081800000|100%| O|  |TAMS 0x0000000081800000, 0x0000000081700000| Untracked 
|  24|0x0000000081800000, 0x0000000081900000, 0x0000000081900000|100%| O|  |TAMS 0x0000000081900000, 0x0000000081800000| Untracked 
|  25|0x0000000081900000, 0x0000000081a00000, 0x0000000081a00000|100%| O|  |TAMS 0x0000000081a00000, 0x0000000081900000| Untracked 
|  26|0x0000000081a00000, 0x0000000081b00000, 0x0000000081b00000|100%| O|  |TAMS 0x0000000081b00000, 0x0000000081a00000| Untracked 
|  27|0x0000000081b00000, 0x0000000081c00000, 0x0000000081c00000|100%| O|  |TAMS 0x0000000081c00000, 0x0000000081b00000| Untracked 
|  28|0x0000000081c00000, 0x0000000081d00000, 0x0000000081d00000|100%| O|  |TAMS 0x0000000081d00000, 0x0000000081c00000| Untracked 
|  29|0x0000000081d00000, 0x0000000081e00000, 0x0000000081e00000|100%| O|  |TAMS 0x0000000081e00000, 0x0000000081d00000| Untracked 
|  30|0x0000000081e00000, 0x0000000081f00000, 0x0000000081f00000|100%|HS|  |TAMS 0x0000000081f00000, 0x0000000081e00000| Complete 
|  31|0x0000000081f00000, 0x0000000082000000, 0x0000000082000000|100%|HS|  |TAMS 0x0000000082000000, 0x0000000081f00000| Complete 
|  32|0x0000000082000000, 0x0000000082100000, 0x0000000082100000|100%|HC|  |TAMS 0x0000000082100000, 0x0000000082000000| Complete 
|  33|0x0000000082100000, 0x0000000082200000, 0x0000000082200000|100%|HC|  |TAMS 0x0000000082200000, 0x0000000082100000| Complete 
|  34|0x0000000082200000, 0x0000000082300000, 0x0000000082300000|100%| O|  |TAMS 0x0000000082300000, 0x0000000082200000| Untracked 
|  35|0x0000000082300000, 0x0000000082400000, 0x0000000082400000|100%| O|  |TAMS 0x0000000082400000, 0x0000000082300000| Untracked 
|  36|0x0000000082400000, 0x0000000082500000, 0x0000000082500000|100%| O|  |TAMS 0x0000000082500000, 0x0000000082400000| Untracked 
|  37|0x0000000082500000, 0x0000000082600000, 0x0000000082600000|100%| O|  |TAMS 0x0000000082600000, 0x0000000082500000| Untracked 
|  38|0x0000000082600000, 0x0000000082700000, 0x0000000082700000|100%| O|  |TAMS 0x0000000082700000, 0x0000000082600000| Untracked 
|  39|0x0000000082700000, 0x0000000082800000, 0x0000000082800000|100%| O|  |TAMS 0x0000000082800000, 0x0000000082700000| Untracked 
|  40|0x0000000082800000, 0x0000000082900000, 0x0000000082900000|100%| O|  |TAMS 0x0000000082900000, 0x0000000082800000| Untracked 
|  41|0x0000000082900000, 0x0000000082a00000, 0x0000000082a00000|100%| O|  |TAMS 0x0000000082a00000, 0x0000000082900000| Untracked 
|  42|0x0000000082a00000, 0x0000000082b00000, 0x0000000082b00000|100%| O|  |TAMS 0x0000000082b00000, 0x0000000082a00000| Untracked 
|  43|0x0000000082b00000, 0x0000000082c00000, 0x0000000082c00000|100%| O|  |TAMS 0x0000000082c00000, 0x0000000082b00000| Untracked 
|  44|0x0000000082c00000, 0x0000000082d00000, 0x0000000082d00000|100%| O|  |TAMS 0x0000000082ca6800, 0x0000000082c00000| Untracked 
|  45|0x0000000082d00000, 0x0000000082e00000, 0x0000000082e00000|100%| O|  |TAMS 0x0000000082d00000, 0x0000000082d00000| Untracked 
|  46|0x0000000082e00000, 0x0000000082f00000, 0x0000000082f00000|100%| O|  |TAMS 0x0000000082e00000, 0x0000000082e00000| Untracked 
|  47|0x0000000082f00000, 0x0000000083000000, 0x0000000083000000|100%| O|  |TAMS 0x0000000082f00000, 0x0000000082f00000| Untracked 
|  48|0x0000000083000000, 0x0000000083100000, 0x0000000083100000|100%| O|  |TAMS 0x0000000083000000, 0x0000000083000000| Untracked 
|  49|0x0000000083100000, 0x00000000831da800, 0x0000000083200000| 85%| O|  |TAMS 0x0000000083100000, 0x0000000083100000| Untracked 
|  50|0x0000000083200000, 0x0000000083200000, 0x0000000083300000|  0%| F|  |TAMS 0x0000000083200000, 0x0000000083200000| Untracked 
|  51|0x0000000083300000, 0x0000000083300000, 0x0000000083400000|  0%| F|  |TAMS 0x0000000083300000, 0x0000000083300000| Untracked 
|  52|0x0000000083400000, 0x0000000083400000, 0x0000000083500000|  0%| F|  |TAMS 0x0000000083400000, 0x0000000083400000| Untracked 
|  53|0x0000000083500000, 0x0000000083500000, 0x0000000083600000|  0%| F|  |TAMS 0x0000000083500000, 0x0000000083500000| Untracked 
|  54|0x0000000083600000, 0x0000000083600000, 0x0000000083700000|  0%| F|  |TAMS 0x0000000083600000, 0x0000000083600000| Untracked 
|  55|0x0000000083700000, 0x0000000083700000, 0x0000000083800000|  0%| F|  |TAMS 0x0000000083700000, 0x0000000083700000| Untracked 
|  56|0x0000000083800000, 0x0000000083800000, 0x0000000083900000|  0%| F|  |TAMS 0x0000000083800000, 0x0000000083800000| Untracked 
|  57|0x0000000083900000, 0x0000000083900000, 0x0000000083a00000|  0%| F|  |TAMS 0x0000000083900000, 0x0000000083900000| Untracked 
|  58|0x0000000083a00000, 0x0000000083a00000, 0x0000000083b00000|  0%| F|  |TAMS 0x0000000083a00000, 0x0000000083a00000| Untracked 
|  59|0x0000000083b00000, 0x0000000083b00000, 0x0000000083c00000|  0%| F|  |TAMS 0x0000000083b00000, 0x0000000083b00000| Untracked 
|  60|0x0000000083c00000, 0x0000000083c00000, 0x0000000083d00000|  0%| F|  |TAMS 0x0000000083c00000, 0x0000000083c00000| Untracked 
|  61|0x0000000083d00000, 0x0000000083d00000, 0x0000000083e00000|  0%| F|  |TAMS 0x0000000083d00000, 0x0000000083d00000| Untracked 
|  62|0x0000000083e00000, 0x0000000083e00000, 0x0000000083f00000|  0%| F|  |TAMS 0x0000000083e00000, 0x0000000083e00000| Untracked 
|  63|0x0000000083f00000, 0x0000000083f00000, 0x0000000084000000|  0%| F|  |TAMS 0x0000000083f00000, 0x0000000083f00000| Untracked 
|  64|0x0000000084000000, 0x0000000084000000, 0x0000000084100000|  0%| F|  |TAMS 0x0000000084000000, 0x0000000084000000| Untracked 
|  65|0x0000000084100000, 0x0000000084100000, 0x0000000084200000|  0%| F|  |TAMS 0x0000000084100000, 0x0000000084100000| Untracked 
|  66|0x0000000084200000, 0x0000000084200000, 0x0000000084300000|  0%| F|  |TAMS 0x0000000084200000, 0x0000000084200000| Untracked 
|  67|0x0000000084300000, 0x0000000084300000, 0x0000000084400000|  0%| F|  |TAMS 0x0000000084300000, 0x0000000084300000| Untracked 
|  68|0x0000000084400000, 0x0000000084400000, 0x0000000084500000|  0%| F|  |TAMS 0x0000000084400000, 0x0000000084400000| Untracked 
|  69|0x0000000084500000, 0x0000000084500000, 0x0000000084600000|  0%| F|  |TAMS 0x0000000084500000, 0x0000000084500000| Untracked 
|  70|0x0000000084600000, 0x0000000084600000, 0x0000000084700000|  0%| F|  |TAMS 0x0000000084600000, 0x0000000084600000| Untracked 
|  71|0x0000000084700000, 0x0000000084700000, 0x0000000084800000|  0%| F|  |TAMS 0x0000000084700000, 0x0000000084700000| Untracked 
|  72|0x0000000084800000, 0x0000000084800000, 0x0000000084900000|  0%| F|  |TAMS 0x0000000084800000, 0x0000000084800000| Untracked 
|  73|0x0000000084900000, 0x0000000084900000, 0x0000000084a00000|  0%| F|  |TAMS 0x0000000084900000, 0x0000000084900000| Untracked 
|  74|0x0000000084a00000, 0x0000000084a00000, 0x0000000084b00000|  0%| F|  |TAMS 0x0000000084a00000, 0x0000000084a00000| Untracked 
|  75|0x0000000084b00000, 0x0000000084b00000, 0x0000000084c00000|  0%| F|  |TAMS 0x0000000084b00000, 0x0000000084b00000| Untracked 
|  76|0x0000000084c00000, 0x0000000084d00000, 0x0000000084d00000|100%| S|CS|TAMS 0x0000000084c00000, 0x0000000084c00000| Complete 
|  77|0x0000000084d00000, 0x0000000084e00000, 0x0000000084e00000|100%| S|CS|TAMS 0x0000000084d00000, 0x0000000084d00000| Complete 
|  78|0x0000000084e00000, 0x0000000084f00000, 0x0000000084f00000|100%| S|CS|TAMS 0x0000000084e00000, 0x0000000084e00000| Complete 
|  79|0x0000000084f00000, 0x0000000084f00000, 0x0000000085000000|  0%| F|  |TAMS 0x0000000084f00000, 0x0000000084f00000| Untracked 
|  80|0x0000000085000000, 0x0000000085000000, 0x0000000085100000|  0%| F|  |TAMS 0x0000000085000000, 0x0000000085000000| Untracked 
|  81|0x0000000085100000, 0x0000000085100000, 0x0000000085200000|  0%| F|  |TAMS 0x0000000085100000, 0x0000000085100000| Untracked 
|  82|0x0000000085200000, 0x0000000085200000, 0x0000000085300000|  0%| F|  |TAMS 0x0000000085200000, 0x0000000085200000| Untracked 
|  83|0x0000000085300000, 0x0000000085300000, 0x0000000085400000|  0%| F|  |TAMS 0x0000000085300000, 0x0000000085300000| Untracked 
|  84|0x0000000085400000, 0x0000000085400000, 0x0000000085500000|  0%| F|  |TAMS 0x0000000085400000, 0x0000000085400000| Untracked 
|  85|0x0000000085500000, 0x0000000085500000, 0x0000000085600000|  0%| F|  |TAMS 0x0000000085500000, 0x0000000085500000| Untracked 
|  86|0x0000000085600000, 0x0000000085600000, 0x0000000085700000|  0%| F|  |TAMS 0x0000000085600000, 0x0000000085600000| Untracked 
|  87|0x0000000085700000, 0x0000000085700000, 0x0000000085800000|  0%| F|  |TAMS 0x0000000085700000, 0x0000000085700000| Untracked 
|  88|0x0000000085800000, 0x0000000085800000, 0x0000000085900000|  0%| F|  |TAMS 0x0000000085800000, 0x0000000085800000| Untracked 
|  89|0x0000000085900000, 0x0000000085900000, 0x0000000085a00000|  0%| F|  |TAMS 0x0000000085900000, 0x0000000085900000| Untracked 
|  90|0x0000000085a00000, 0x0000000085a00000, 0x0000000085b00000|  0%| F|  |TAMS 0x0000000085a00000, 0x0000000085a00000| Untracked 
|  91|0x0000000085b00000, 0x0000000085b00000, 0x0000000085c00000|  0%| F|  |TAMS 0x0000000085b00000, 0x0000000085b00000| Untracked 
|  92|0x0000000085c00000, 0x0000000085c00000, 0x0000000085d00000|  0%| F|  |TAMS 0x0000000085c00000, 0x0000000085c00000| Untracked 
|  93|0x0000000085d00000, 0x0000000085d00000, 0x0000000085e00000|  0%| F|  |TAMS 0x0000000085d00000, 0x0000000085d00000| Untracked 
|  94|0x0000000085e00000, 0x0000000085e00000, 0x0000000085f00000|  0%| F|  |TAMS 0x0000000085e00000, 0x0000000085e00000| Untracked 
|  95|0x0000000085f00000, 0x0000000085f00000, 0x0000000086000000|  0%| F|  |TAMS 0x0000000085f00000, 0x0000000085f00000| Untracked 
|  96|0x0000000086000000, 0x0000000086000000, 0x0000000086100000|  0%| F|  |TAMS 0x0000000086000000, 0x0000000086000000| Untracked 
|  97|0x0000000086100000, 0x0000000086100000, 0x0000000086200000|  0%| F|  |TAMS 0x0000000086100000, 0x0000000086100000| Untracked 
|  98|0x0000000086200000, 0x0000000086200000, 0x0000000086300000|  0%| F|  |TAMS 0x0000000086200000, 0x0000000086200000| Untracked 
|  99|0x0000000086300000, 0x0000000086300000, 0x0000000086400000|  0%| F|  |TAMS 0x0000000086300000, 0x0000000086300000| Untracked 
| 100|0x0000000086400000, 0x0000000086400000, 0x0000000086500000|  0%| F|  |TAMS 0x0000000086400000, 0x0000000086400000| Untracked 
| 101|0x0000000086500000, 0x0000000086500000, 0x0000000086600000|  0%| F|  |TAMS 0x0000000086500000, 0x0000000086500000| Untracked 
| 102|0x0000000086600000, 0x0000000086600000, 0x0000000086700000|  0%| F|  |TAMS 0x0000000086600000, 0x0000000086600000| Untracked 
| 103|0x0000000086700000, 0x0000000086700000, 0x0000000086800000|  0%| F|  |TAMS 0x0000000086700000, 0x0000000086700000| Untracked 
| 104|0x0000000086800000, 0x0000000086800000, 0x0000000086900000|  0%| F|  |TAMS 0x0000000086800000, 0x0000000086800000| Untracked 
| 105|0x0000000086900000, 0x0000000086900000, 0x0000000086a00000|  0%| F|  |TAMS 0x0000000086900000, 0x0000000086900000| Untracked 
| 106|0x0000000086a00000, 0x0000000086a00000, 0x0000000086b00000|  0%| F|  |TAMS 0x0000000086a00000, 0x0000000086a00000| Untracked 
| 107|0x0000000086b00000, 0x0000000086b00000, 0x0000000086c00000|  0%| F|  |TAMS 0x0000000086b00000, 0x0000000086b00000| Untracked 
| 108|0x0000000086c00000, 0x0000000086c00000, 0x0000000086d00000|  0%| F|  |TAMS 0x0000000086c00000, 0x0000000086c00000| Untracked 
| 109|0x0000000086d00000, 0x0000000086d00000, 0x0000000086e00000|  0%| F|  |TAMS 0x0000000086d00000, 0x0000000086d00000| Untracked 
| 110|0x0000000086e00000, 0x0000000086e00000, 0x0000000086f00000|  0%| F|  |TAMS 0x0000000086e00000, 0x0000000086e00000| Untracked 
| 111|0x0000000086f00000, 0x0000000086f00000, 0x0000000087000000|  0%| F|  |TAMS 0x0000000086f00000, 0x0000000086f00000| Untracked 
| 112|0x0000000087000000, 0x0000000087000000, 0x0000000087100000|  0%| F|  |TAMS 0x0000000087000000, 0x0000000087000000| Untracked 
| 113|0x0000000087100000, 0x0000000087100000, 0x0000000087200000|  0%| F|  |TAMS 0x0000000087100000, 0x0000000087100000| Untracked 
| 114|0x0000000087200000, 0x0000000087200000, 0x0000000087300000|  0%| F|  |TAMS 0x0000000087200000, 0x0000000087200000| Untracked 
| 115|0x0000000087300000, 0x0000000087380800, 0x0000000087400000| 50%| E|  |TAMS 0x0000000087300000, 0x0000000087300000| Complete 
| 116|0x0000000087400000, 0x0000000087500000, 0x0000000087500000|100%| E|CS|TAMS 0x0000000087400000, 0x0000000087400000| Complete 
| 117|0x0000000087500000, 0x0000000087600000, 0x0000000087600000|100%| E|CS|TAMS 0x0000000087500000, 0x0000000087500000| Complete 
| 118|0x0000000087600000, 0x0000000087700000, 0x0000000087700000|100%| E|CS|TAMS 0x0000000087600000, 0x0000000087600000| Complete 
| 119|0x0000000087700000, 0x0000000087800000, 0x0000000087800000|100%| E|CS|TAMS 0x0000000087700000, 0x0000000087700000| Complete 
| 120|0x0000000087800000, 0x0000000087900000, 0x0000000087900000|100%| E|CS|TAMS 0x0000000087800000, 0x0000000087800000| Complete 
| 121|0x0000000087900000, 0x0000000087a00000, 0x0000000087a00000|100%| E|CS|TAMS 0x0000000087900000, 0x0000000087900000| Complete 
| 122|0x0000000087a00000, 0x0000000087b00000, 0x0000000087b00000|100%| E|CS|TAMS 0x0000000087a00000, 0x0000000087a00000| Complete 
| 123|0x0000000087b00000, 0x0000000087c00000, 0x0000000087c00000|100%| E|CS|TAMS 0x0000000087b00000, 0x0000000087b00000| Complete 

Card table byte_map: [0x000001c2f9150000,0x000001c2f9550000] _byte_map_base: 0x000001c2f8d50000

Marking Bits (Prev, Next): (CMBitMap*) 0x000001c2e6272618, (CMBitMap*) 0x000001c2e6272650
 Prev Bits: [0x000001c2f9950000, 0x000001c2fb950000)
 Next Bits: [0x000001c2fb950000, 0x000001c2fd950000)

Polling page: 0x000001c2e4210000

Metaspace:

Usage:
  Non-class:     58.52 MB capacity,    57.31 MB ( 98%) used,  1020.84 KB (  2%) free+waste,   216.31 KB ( <1%) overhead. 
      Class:      9.39 MB capacity,     8.58 MB ( 91%) used,   725.90 KB (  8%) free+waste,   104.00 KB (  1%) overhead. 
       Both:     67.91 MB capacity,    65.89 MB ( 97%) used,     1.71 MB (  3%) free+waste,   320.31 KB ( <1%) overhead. 

Virtual space:
  Non-class space:       60.00 MB reserved,      58.67 MB ( 98%) committed 
      Class space:      504.00 MB reserved,       9.50 MB (  2%) committed 
             Both:      564.00 MB reserved,      68.17 MB ( 12%) committed 

Chunk freelists:
   Non-Class:  28.00 KB
       Class:  0 bytes
        Both:  28.00 KB

MaxMetaspaceSize: 512.00 MB
CompressedClassSpaceSize: 504.00 MB
Initial GC threshold: 20.80 MB
Current GC threshold: 104.25 MB
CDS: off

CodeHeap 'non-profiled nmethods': size=120064Kb used=4191Kb max_used=4191Kb free=115872Kb
 bounds [0x000001c2f1810000, 0x000001c2f1c30000, 0x000001c2f8d50000]
CodeHeap 'profiled nmethods': size=120000Kb used=15371Kb max_used=15371Kb free=104628Kb
 bounds [0x000001c2ea2e0000, 0x000001c2eb1f0000, 0x000001c2f1810000]
CodeHeap 'non-nmethods': size=5696Kb used=2353Kb max_used=2404Kb free=3342Kb
 bounds [0x000001c2e9d50000, 0x000001c2e9fc0000, 0x000001c2ea2e0000]
 total_blobs=8142 nmethods=7282 adapters=772
 compilation: enabled
              stopped_count=0, restarted_count=0
 full_count=0

Compilation events (20 events):
Event: 43.030 Thread 0x000001c2ffe4b000 7296   !   3       org.gradle.api.internal.provider.AbstractProperty::doCalculateValue (48 bytes)
Event: 43.031 Thread 0x000001c2ffe4b000 nmethod 7296 0x000001c2eb1dd290 code [0x000001c2eb1dd540, 0x000001c2eb1de228]
Event: 43.031 Thread 0x000001c2ffe4b000 7297       3       org.gradle.api.internal.provider.AbstractProperty$NonFinalizedValue::maybeFinalizeOnRead (66 bytes)
Event: 43.032 Thread 0x000001c2ffe4b000 nmethod 7297 0x000001c2eb1de710 code [0x000001c2eb1de900, 0x000001c2eb1dedc8]
Event: 43.032 Thread 0x000001c2ffe4b000 7298       1       org.gradle.internal.graph.CachingDirectedGraphWalker$NodeDetails::access$400 (5 bytes)
Event: 43.032 Thread 0x000001c2ffe4b000 nmethod 7298 0x000001c2f1c26890 code [0x000001c2f1c26a40, 0x000001c2f1c26ad8]
Event: 43.040 Thread 0x000001c2ffe4b000 7299       1       org.gradle.api.internal.project.DefaultProject::getServices (5 bytes)
Event: 43.040 Thread 0x000001c2ffe4b000 nmethod 7299 0x000001c2f1c26b90 code [0x000001c2f1c26d40, 0x000001c2f1c26df8]
Event: 43.040 Thread 0x000001c2ffe4b000 7300       1       org.gradle.api.internal.tasks.properties.bean.RuntimeBeanNode::getBean (5 bytes)
Event: 43.041 Thread 0x000001c2ffe4b000 nmethod 7300 0x000001c2f1c26e90 code [0x000001c2f1c27040, 0x000001c2f1c270f8]
Event: 43.041 Thread 0x000001c2ffe4b000 7301       1       org.gradle.api.internal.tasks.properties.DefaultTypeMetadataStore$DefaultPropertyMetadata::getPropertyType (5 bytes)
Event: 43.041 Thread 0x000001c2ffe4b000 nmethod 7301 0x000001c2f1c27190 code [0x000001c2f1c27340, 0x000001c2f1c273f8]
Event: 43.041 Thread 0x000001c2ffe4b000 7302       1       org.gradle.api.internal.tasks.TaskStateInternal::getExecuting (5 bytes)
Event: 43.041 Thread 0x000001c2ffe4b000 nmethod 7302 0x000001c2f1c27490 code [0x000001c2f1c27640, 0x000001c2f1c276f8]
Event: 43.060 Thread 0x000001c2ffe4b000 7304       3       org.gradle.internal.resources.AbstractResourceLockRegistry::detailsForCurrentThread (54 bytes)
Event: 43.060 Thread 0x000001c2ffe4b000 nmethod 7304 0x000001c2eb1def90 code [0x000001c2eb1df1e0, 0x000001c2eb1dfb18]
Event: 43.061 Thread 0x000001c2ffe4b000 7305       1       org.gradle.invocation.DefaultGradle::getServices (5 bytes)
Event: 43.061 Thread 0x000001c2ffe4b000 nmethod 7305 0x000001c2f1c27a90 code [0x000001c2f1c27c40, 0x000001c2f1c27cf8]
Event: 43.073 Thread 0x000001c2ffe4b000 7306       3       org.codehaus.groovy.util.FastArray::get (7 bytes)
Event: 43.074 Thread 0x000001c2ffe4b000 nmethod 7306 0x000001c2eb1dfe10 code [0x000001c2eb1dffc0, 0x000001c2eb1e00f8]

GC Heap History (20 events):
Event: 10.731 GC heap before
{Heap before GC invocations=7 (full 0):
 garbage-first heap   total 126976K, used 42698K [0x0000000080000000, 0x0000000100000000)
  region size 1024K, 28 young (28672K), 5 survivors (5120K)
 Metaspace       used 34844K, capacity 35738K, committed 35888K, reserved 548864K
  class space    used 4546K, capacity 4885K, committed 4992K, reserved 516096K
}
Event: 10.740 GC heap after
{Heap after GC invocations=8 (full 0):
 garbage-first heap   total 126976K, used 22342K [0x0000000080000000, 0x0000000100000000)
  region size 1024K, 6 young (6144K), 6 survivors (6144K)
 Metaspace       used 34844K, capacity 35738K, committed 35888K, reserved 548864K
  class space    used 4546K, capacity 4885K, committed 4992K, reserved 516096K
}
Event: 13.156 GC heap before
{Heap before GC invocations=9 (full 0):
 garbage-first heap   total 126976K, used 77638K [0x0000000080000000, 0x0000000100000000)
  region size 1024K, 58 young (59392K), 6 survivors (6144K)
 Metaspace       used 40834K, capacity 41822K, committed 42160K, reserved 552960K
  class space    used 5154K, capacity 5523K, committed 5632K, reserved 516096K
}
Event: 13.171 GC heap after
{Heap after GC invocations=10 (full 0):
 garbage-first heap   total 126976K, used 27193K [0x0000000080000000, 0x0000000100000000)
  region size 1024K, 8 young (8192K), 8 survivors (8192K)
 Metaspace       used 40834K, capacity 41822K, committed 42160K, reserved 552960K
  class space    used 5154K, capacity 5523K, committed 5632K, reserved 516096K
}
Event: 35.582 GC heap before
{Heap before GC invocations=10 (full 0):
 garbage-first heap   total 126976K, used 80441K [0x0000000080000000, 0x0000000100000000)
  region size 1024K, 60 young (61440K), 8 survivors (8192K)
 Metaspace       used 42864K, capacity 44061K, committed 44336K, reserved 555008K
  class space    used 5443K, capacity 5908K, committed 6016K, reserved 516096K
}
Event: 35.600 GC heap after
{Heap after GC invocations=11 (full 0):
 garbage-first heap   total 126976K, used 30976K [0x0000000080000000, 0x0000000100000000)
  region size 1024K, 4 young (4096K), 4 survivors (4096K)
 Metaspace       used 42864K, capacity 44061K, committed 44336K, reserved 555008K
  class space    used 5443K, capacity 5908K, committed 6016K, reserved 516096K
}
Event: 37.123 GC heap before
{Heap before GC invocations=11 (full 0):
 garbage-first heap   total 126976K, used 84224K [0x0000000080000000, 0x0000000100000000)
  region size 1024K, 56 young (57344K), 4 survivors (4096K)
 Metaspace       used 47660K, capacity 48987K, committed 49072K, reserved 559104K
  class space    used 6104K, capacity 6643K, committed 6656K, reserved 516096K
}
Event: 37.131 GC heap after
{Heap after GC invocations=12 (full 0):
 garbage-first heap   total 126976K, used 33870K [0x0000000080000000, 0x0000000100000000)
  region size 1024K, 7 young (7168K), 7 survivors (7168K)
 Metaspace       used 47660K, capacity 48987K, committed 49072K, reserved 559104K
  class space    used 6104K, capacity 6643K, committed 6656K, reserved 516096K
}
Event: 38.230 GC heap before
{Heap before GC invocations=12 (full 0):
 garbage-first heap   total 126976K, used 88142K [0x0000000080000000, 0x0000000100000000)
  region size 1024K, 60 young (61440K), 7 survivors (7168K)
 Metaspace       used 51270K, capacity 52723K, committed 53040K, reserved 563200K
  class space    used 6596K, capacity 7182K, committed 7296K, reserved 516096K
}
Event: 38.240 GC heap after
{Heap after GC invocations=13 (full 0):
 garbage-first heap   total 126976K, used 36883K [0x0000000080000000, 0x0000000100000000)
  region size 1024K, 7 young (7168K), 7 survivors (7168K)
 Metaspace       used 51270K, capacity 52723K, committed 53040K, reserved 563200K
  class space    used 6596K, capacity 7182K, committed 7296K, reserved 516096K
}
Event: 39.567 GC heap before
{Heap before GC invocations=13 (full 0):
 garbage-first heap   total 126976K, used 94227K [0x0000000080000000, 0x0000000100000000)
  region size 1024K, 60 young (61440K), 7 survivors (7168K)
 Metaspace       used 57048K, capacity 58773K, committed 59056K, reserved 567296K
  class space    used 7400K, capacity 8112K, committed 8192K, reserved 516096K
}
Event: 39.582 GC heap after
{Heap after GC invocations=14 (full 0):
 garbage-first heap   total 126976K, used 46357K [0x0000000080000000, 0x0000000100000000)
  region size 1024K, 8 young (8192K), 8 survivors (8192K)
 Metaspace       used 57048K, capacity 58773K, committed 59056K, reserved 567296K
  class space    used 7400K, capacity 8112K, committed 8192K, reserved 516096K
}
Event: 39.828 GC heap before
{Heap before GC invocations=14 (full 0):
 garbage-first heap   total 126976K, used 59669K [0x0000000080000000, 0x0000000100000000)
  region size 1024K, 22 young (22528K), 8 survivors (8192K)
 Metaspace       used 58493K, capacity 60168K, committed 60208K, reserved 569344K
  class space    used 7588K, capacity 8301K, committed 8320K, reserved 516096K
}
Event: 39.837 GC heap after
{Heap after GC invocations=15 (full 0):
 garbage-first heap   total 126976K, used 47052K [0x0000000080000000, 0x0000000100000000)
  region size 1024K, 2 young (2048K), 2 survivors (2048K)
 Metaspace       used 58493K, capacity 60168K, committed 60208K, reserved 569344K
  class space    used 7588K, capacity 8301K, committed 8320K, reserved 516096K
}
Event: 40.370 GC heap before
{Heap before GC invocations=16 (full 0):
 garbage-first heap   total 126976K, used 93132K [0x0000000080000000, 0x0000000100000000)
  region size 1024K, 47 young (48128K), 2 survivors (2048K)
 Metaspace       used 61599K, capacity 63401K, committed 63536K, reserved 571392K
  class space    used 8026K, capacity 8760K, committed 8832K, reserved 516096K
}
Event: 40.376 GC heap after
{Heap after GC invocations=17 (full 0):
 garbage-first heap   total 126976K, used 47306K [0x0000000080000000, 0x0000000100000000)
  region size 1024K, 2 young (2048K), 2 survivors (2048K)
 Metaspace       used 61599K, capacity 63401K, committed 63536K, reserved 571392K
  class space    used 8026K, capacity 8760K, committed 8832K, reserved 516096K
}
Event: 41.322 GC heap before
{Heap before GC invocations=18 (full 0):
 garbage-first heap   total 126976K, used 95434K [0x0000000080000000, 0x0000000100000000)
  region size 1024K, 49 young (50176K), 2 survivors (2048K)
 Metaspace       used 64781K, capacity 66723K, committed 66736K, reserved 575488K
  class space    used 8432K, capacity 9206K, committed 9216K, reserved 516096K
}
Event: 41.331 GC heap after
{Heap after GC invocations=19 (full 0):
 garbage-first heap   total 126976K, used 51212K [0x0000000080000000, 0x0000000100000000)
  region size 1024K, 6 young (6144K), 6 survivors (6144K)
 Metaspace       used 64781K, capacity 66723K, committed 66736K, reserved 575488K
  class space    used 8432K, capacity 9206K, committed 9216K, reserved 516096K
}
Event: 42.881 GC heap before
{Heap before GC invocations=19 (full 0):
 garbage-first heap   total 126976K, used 97292K [0x0000000080000000, 0x0000000100000000)
  region size 1024K, 51 young (52224K), 6 survivors (6144K)
 Metaspace       used 67184K, capacity 69246K, committed 69424K, reserved 577536K
  class space    used 8749K, capacity 9562K, committed 9600K, reserved 516096K
}
Event: 42.891 GC heap after
{Heap after GC invocations=20 (full 0):
 garbage-first heap   total 126976K, used 54122K [0x0000000080000000, 0x0000000100000000)
  region size 1024K, 3 young (3072K), 3 survivors (3072K)
 Metaspace       used 67184K, capacity 69246K, committed 69424K, reserved 577536K
  class space    used 8749K, capacity 9562K, committed 9600K, reserved 516096K
}

Deoptimization events (20 events):
Event: 42.957 Thread 0x000001c28300d000 Uncommon trap: trap_request=0xffffffde fr.pc=0x000001c2f1c1cea4 relative=0x0000000000002c64
Event: 42.957 Thread 0x000001c28300d000 Uncommon trap: reason=class_check action=maybe_recompile pc=0x000001c2f1c1cea4 method=java.util.TreeMap.put(Ljava/lang/Object;Ljava/lang/Object;)Ljava/lang/Object; @ 127 c2
Event: 42.957 Thread 0x000001c28300d000 DEOPT PACKING pc=0x000001c2f1c1cea4 sp=0x000000a53bef8500
Event: 42.957 Thread 0x000001c28300d000 DEOPT UNPACKING pc=0x000001c2e9d585af sp=0x000000a53bef84b0 mode 2
Event: 43.032 Thread 0x000001c28300d000 Uncommon trap: trap_request=0xffffffde fr.pc=0x000001c2f1c1cea4 relative=0x0000000000002c64
Event: 43.032 Thread 0x000001c28300d000 Uncommon trap: reason=class_check action=maybe_recompile pc=0x000001c2f1c1cea4 method=java.util.TreeMap.put(Ljava/lang/Object;Ljava/lang/Object;)Ljava/lang/Object; @ 127 c2
Event: 43.032 Thread 0x000001c28300d000 DEOPT PACKING pc=0x000001c2f1c1cea4 sp=0x000000a53bef8500
Event: 43.032 Thread 0x000001c28300d000 DEOPT UNPACKING pc=0x000001c2e9d585af sp=0x000000a53bef84b0 mode 2
Event: 43.032 Thread 0x000001c28300d000 Uncommon trap: trap_request=0xffffffde fr.pc=0x000001c2f1c1cea4 relative=0x0000000000002c64
Event: 43.032 Thread 0x000001c28300d000 Uncommon trap: reason=class_check action=maybe_recompile pc=0x000001c2f1c1cea4 method=java.util.TreeMap.put(Ljava/lang/Object;Ljava/lang/Object;)Ljava/lang/Object; @ 127 c2
Event: 43.032 Thread 0x000001c28300d000 DEOPT PACKING pc=0x000001c2f1c1cea4 sp=0x000000a53bef8500
Event: 43.032 Thread 0x000001c28300d000 DEOPT UNPACKING pc=0x000001c2e9d585af sp=0x000000a53bef84b0 mode 2
Event: 43.032 Thread 0x000001c28300d000 Uncommon trap: trap_request=0xffffffde fr.pc=0x000001c2f1c1cea4 relative=0x0000000000002c64
Event: 43.032 Thread 0x000001c28300d000 Uncommon trap: reason=class_check action=maybe_recompile pc=0x000001c2f1c1cea4 method=java.util.TreeMap.put(Ljava/lang/Object;Ljava/lang/Object;)Ljava/lang/Object; @ 127 c2
Event: 43.032 Thread 0x000001c28300d000 DEOPT PACKING pc=0x000001c2f1c1cea4 sp=0x000000a53bef8500
Event: 43.032 Thread 0x000001c28300d000 DEOPT UNPACKING pc=0x000001c2e9d585af sp=0x000000a53bef84b0 mode 2
Event: 43.044 Thread 0x000001c28300d000 Uncommon trap: trap_request=0xffffff4d fr.pc=0x000001c2f19b9c1c relative=0x000000000000007c
Event: 43.044 Thread 0x000001c28300d000 Uncommon trap: reason=unstable_if action=reinterpret pc=0x000001c2f19b9c1c method=java.util.HashMap$HashMapSpliterator.getFence()I @ 37 c2
Event: 43.044 Thread 0x000001c28300d000 DEOPT PACKING pc=0x000001c2f19b9c1c sp=0x000000a53bef87f0
Event: 43.044 Thread 0x000001c28300d000 DEOPT UNPACKING pc=0x000001c2e9d585af sp=0x000000a53bef8768 mode 2

Classes redefined (0 events):
No events

Internal exceptions (20 events):
Event: 41.312 Thread 0x000001c28300d000 Exception <a 'java/lang/ClassNotFoundException'{0x0000000084d0b338}: org/gradle/api/internal/initialization/DefaultScriptHandlerBeanInfo> (0x0000000084d0b338) thrown at [src/hotspot/share/classfile/systemDictionary.cpp, line 230]
Event: 41.313 Thread 0x000001c28300d000 Exception <a 'java/lang/ClassNotFoundException'{0x0000000084d38098}: org/gradle/api/internal/initialization/DefaultScriptHandlerCustomizer> (0x0000000084d38098) thrown at [src/hotspot/share/classfile/systemDictionary.cpp, line 230]
Event: 41.339 Thread 0x000001c28300d000 Exception <a 'java/lang/ClassNotFoundException'{0x00000000878864b0}: org/gradle/api/internal/artifacts/dsl/DefaultRepositoryHandler_DecoratedBeanInfo> (0x00000000878864b0) thrown at [src/hotspot/share/classfile/systemDictionary.cpp, line 230]
Event: 41.340 Thread 0x000001c28300d000 Exception <a 'java/lang/ClassNotFoundException'{0x00000000878c4f88}: org/gradle/api/internal/artifacts/dsl/DefaultRepositoryHandlerBeanInfo> (0x00000000878c4f88) thrown at [src/hotspot/share/classfile/systemDictionary.cpp, line 230]
Event: 41.340 Thread 0x000001c28300d000 Exception <a 'java/lang/ClassNotFoundException'{0x0000000087707458}: org/gradle/api/internal/artifacts/DefaultArtifactRepositoryContainerBeanInfo> (0x0000000087707458) thrown at [src/hotspot/share/classfile/systemDictionary.cpp, line 230]
Event: 41.341 Thread 0x000001c28300d000 Exception <a 'java/lang/ClassNotFoundException'{0x00000000877351c0}: org/gradle/api/internal/DefaultNamedDomainObjectListBeanInfo> (0x00000000877351c0) thrown at [src/hotspot/share/classfile/systemDictionary.cpp, line 230]
Event: 41.342 Thread 0x000001c28300d000 Exception <a 'java/lang/ClassNotFoundException'{0x00000000877644c8}: org/gradle/api/internal/DefaultNamedDomainObjectCollectionBeanInfo> (0x00000000877644c8) thrown at [src/hotspot/share/classfile/systemDictionary.cpp, line 230]
Event: 41.343 Thread 0x000001c28300d000 Exception <a 'java/lang/ClassNotFoundException'{0x0000000087792868}: org/gradle/api/internal/DefaultDomainObjectCollectionBeanInfo> (0x0000000087792868) thrown at [src/hotspot/share/classfile/systemDictionary.cpp, line 230]
Event: 41.344 Thread 0x000001c28300d000 Exception <a 'java/lang/ClassNotFoundException'{0x00000000877c1020}: org/gradle/api/internal/DefaultDomainObjectCollectionCustomizer> (0x00000000877c1020) thrown at [src/hotspot/share/classfile/systemDictionary.cpp, line 230]
Event: 41.345 Thread 0x000001c28300d000 Exception <a 'java/lang/ClassNotFoundException'{0x000000008760dc58}: org/gradle/api/internal/DefaultNamedDomainObjectCollectionCustomizer> (0x000000008760dc58) thrown at [src/hotspot/share/classfile/systemDictionary.cpp, line 230]
Event: 41.347 Thread 0x000001c28300d000 Exception <a 'java/lang/ClassNotFoundException'{0x00000000876614d0}: org/gradle/api/internal/DefaultNamedDomainObjectListCustomizer> (0x00000000876614d0) thrown at [src/hotspot/share/classfile/systemDictionary.cpp, line 230]
Event: 41.348 Thread 0x000001c28300d000 Exception <a 'java/lang/ClassNotFoundException'{0x00000000876bc638}: org/gradle/api/internal/artifacts/DefaultArtifactRepositoryContainerCustomizer> (0x00000000876bc638) thrown at [src/hotspot/share/classfile/systemDictionary.cpp, line 230]
Event: 41.350 Thread 0x000001c28300d000 Exception <a 'java/lang/ClassNotFoundException'{0x000000008750cc70}: org/gradle/api/internal/artifacts/dsl/DefaultRepositoryHandlerCustomizer> (0x000000008750cc70) thrown at [src/hotspot/share/classfile/systemDictionary.cpp, line 230]
Event: 41.354 Thread 0x000001c28300d000 Exception <a 'java/lang/ClassNotFoundException'{0x000000008756fb30}: org/gradle/api/internal/artifacts/dsl/DefaultRepositoryHandler_DecoratedCustomizer> (0x000000008756fb30) thrown at [src/hotspot/share/classfile/systemDictionary.cpp, line 230]
Event: 41.362 Thread 0x000001c28300d000 Exception <a 'java/lang/ClassNotFoundException'{0x0000000087449630}: org/gradle/api/internal/artifacts/dsl/dependencies/DefaultDependencyHandler_DecoratedBeanInfo> (0x0000000087449630) thrown at [src/hotspot/share/classfile/systemDictionary.cpp, line 230]
Event: 41.363 Thread 0x000001c28300d000 Exception <a 'java/lang/ClassNotFoundException'{0x000000008748d6c0}: org/gradle/api/internal/artifacts/dsl/dependencies/DefaultDependencyHandlerBeanInfo> (0x000000008748d6c0) thrown at [src/hotspot/share/classfile/systemDictionary.cpp, line 230]
Event: 41.364 Thread 0x000001c28300d000 Exception <a 'java/lang/ClassNotFoundException'{0x00000000874d16e8}: org/gradle/api/internal/artifacts/dsl/dependencies/DefaultDependencyHandlerCustomizer> (0x00000000874d16e8) thrown at [src/hotspot/share/classfile/systemDictionary.cpp, line 230]
Event: 41.366 Thread 0x000001c28300d000 Exception <a 'java/lang/ClassNotFoundException'{0x00000000873408c8}: org/gradle/api/internal/artifacts/dsl/dependencies/DefaultDependencyHandler_DecoratedCustomizer> (0x00000000873408c8) thrown at [src/hotspot/share/classfile/systemDictionary.cpp, line 230]
Event: 41.477 Thread 0x000001c28300d000 Exception <a 'java/lang/NoSuchMethodError'{0x0000000086dbc0c8}: 'java.lang.Object java.lang.invoke.Invokers$Holder.linkToTargetMethod(java.lang.Object, int, java.lang.Object)'> (0x0000000086dbc0c8) thrown at [src/hotspot/share/interpreter/linkResolver.cpp, line 773]
Event: 43.044 Thread 0x000001c28300d000 Implicit null exception at 0x000001c2f19b9beb to 0x000001c2f19b9c0c

Events (20 events):
Event: 43.065 loading class org/gradle/execution/taskgraph/DefaultTaskExecutionGraph$NotifyTaskGraphWhenReadyDetails
Event: 43.065 loading class org/gradle/execution/taskgraph/DefaultTaskExecutionGraph$NotifyTaskGraphWhenReadyDetails done
Event: 43.065 loading class org/gradle/execution/taskgraph/NotifyTaskGraphWhenReadyBuildOperationType$Details
Event: 43.065 loading class org/gradle/execution/taskgraph/NotifyTaskGraphWhenReadyBuildOperationType$Details done
Event: 43.067 loading class groovy/lang/MetaClassImpl$InvokeMethodResult
Event: 43.067 loading class groovy/lang/MetaClassImpl$InvokeMethodResult done
Event: 43.070 loading class org/gradle/configuration/internal/DefaultListenerBuildOperationDecorator$BuildOperationEmittingClosure$1
Event: 43.070 loading class org/gradle/configuration/internal/DefaultListenerBuildOperationDecorator$BuildOperationEmittingClosure$1 done
Event: 43.071 loading class org/gradle/internal/operations/BuildOperationContext
Event: 43.071 loading class org/gradle/internal/operations/BuildOperationContext done
Event: 43.071 loading class org/gradle/configuration/internal/DefaultListenerBuildOperationDecorator$BuildOperationEmittingClosure$1
Event: 43.071 loading class org/gradle/configuration/internal/DefaultListenerBuildOperationDecorator$BuildOperationEmittingClosure$1 done
Event: 43.073 loading class groovy/runtime/metaclass/ijtestinit_aw1z6v1xa6sa15dahe9c81e5h$_run_closure1$_closure2MetaClass
Event: 43.073 loading class groovy/runtime/metaclass/ijtestinit_aw1z6v1xa6sa15dahe9c81e5h$_run_closure1$_closure2MetaClass done
Event: 43.073 loading class groovy/lang/MetaMethod
Event: 43.073 loading class groovy/lang/MetaMethod done
Event: 43.073 loading class groovy/lang/MetaMethod
Event: 43.073 loading class groovy/lang/MetaMethod done
Event: 43.074 loading class groovy/runtime/metaclass/com/google/common/collect/RegularImmutableListMetaClass
Event: 43.074 loading class groovy/runtime/metaclass/com/google/common/collect/RegularImmutableListMetaClass done


Dynamic libraries:
0x00007ff727ee0000 - 0x00007ff727eea000 	C:\Program Files\Android\Android Studio1\jbr\bin\java.exe
0x00007ffb0bb30000 - 0x00007ffb0bd44000 	C:\Windows\SYSTEM32\ntdll.dll
0x00007ffb0a7c0000 - 0x00007ffb0a882000 	C:\Windows\System32\KERNEL32.DLL
0x00007ffb095a0000 - 0x00007ffb0993c000 	C:\Windows\System32\KERNELBASE.dll
0x00007ffb08ff0000 - 0x00007ffb09101000 	C:\Windows\System32\ucrtbase.dll
0x00007ffaf1490000 - 0x00007ffaf14ab000 	C:\Program Files\Android\Android Studio1\jbr\bin\VCRUNTIME140.dll
0x00007ffaebd90000 - 0x00007ffaebda7000 	C:\Program Files\Android\Android Studio1\jbr\bin\jli.dll
0x00007ffb0b860000 - 0x00007ffb0ba0b000 	C:\Windows\System32\USER32.dll
0x00007ffaec690000 - 0x00007ffaec91e000 	C:\Windows\WinSxS\amd64_microsoft.windows.common-controls_6595b64144ccf1df_6.0.22621.608_none_a9444ca7c10bb01d\COMCTL32.dll
0x00007ffb0aea0000 - 0x00007ffb0af47000 	C:\Windows\System32\msvcrt.dll
0x00007ffb09940000 - 0x00007ffb09969000 	C:\Windows\System32\GDI32.dll
0x00007ffb091d0000 - 0x00007ffb092e3000 	C:\Windows\System32\gdi32full.dll
0x00007ffb09460000 - 0x00007ffb094fa000 	C:\Windows\System32\msvcp_win.dll
0x00007ffb09500000 - 0x00007ffb09526000 	C:\Windows\System32\win32u.dll
0x00007ffb0a3e0000 - 0x00007ffb0a411000 	C:\Windows\System32\IMM32.DLL
0x00007ffaf1480000 - 0x00007ffaf148c000 	C:\Program Files\Android\Android Studio1\jbr\bin\vcruntime140_1.dll
0x00007ffaebd00000 - 0x00007ffaebd8d000 	C:\Program Files\Android\Android Studio1\jbr\bin\msvcp140.dll
0x00007ffa7ae80000 - 0x00007ffa7ba3c000 	C:\Program Files\Android\Android Studio1\jbr\bin\server\jvm.dll
0x00007ffb0b450000 - 0x00007ffb0b4fe000 	C:\Windows\System32\ADVAPI32.dll
0x00007ffb0ba40000 - 0x00007ffb0bae4000 	C:\Windows\System32\sechost.dll
0x00007ffb09970000 - 0x00007ffb09a87000 	C:\Windows\System32\RPCRT4.dll
0x00007ffb0b850000 - 0x00007ffb0b858000 	C:\Windows\System32\PSAPI.DLL
0x00007ffb03dd0000 - 0x00007ffb03dd9000 	C:\Windows\SYSTEM32\WSOCK32.dll
0x00007ffb0a890000 - 0x00007ffb0a901000 	C:\Windows\System32\WS2_32.dll
0x00007ffb01d70000 - 0x00007ffb01da4000 	C:\Windows\SYSTEM32\WINMM.dll
0x00007ffb06b80000 - 0x00007ffb06b8a000 	C:\Windows\SYSTEM32\VERSION.dll
0x00007ffb07f30000 - 0x00007ffb07f48000 	C:\Windows\SYSTEM32\kernel.appcore.dll
0x00007ffb038d0000 - 0x00007ffb038e0000 	C:\Program Files\Android\Android Studio1\jbr\bin\verify.dll
0x00007ffb05be0000 - 0x00007ffb05e0e000 	C:\Windows\SYSTEM32\DBGHELP.DLL
0x00007ffb0a430000 - 0x00007ffb0a7b9000 	C:\Windows\System32\combase.dll
0x00007ffb0adc0000 - 0x00007ffb0ae97000 	C:\Windows\System32\OLEAUT32.dll
0x00007ffae6b00000 - 0x00007ffae6b32000 	C:\Windows\SYSTEM32\dbgcore.DLL
0x00007ffb08f70000 - 0x00007ffb08feb000 	C:\Windows\System32\bcryptPrimitives.dll
0x00007ffad9550000 - 0x00007ffad9578000 	C:\Program Files\Android\Android Studio1\jbr\bin\java.dll
0x00007ffae9220000 - 0x00007ffae922a000 	C:\Program Files\Android\Android Studio1\jbr\bin\jimage.dll
0x00007ffae60f0000 - 0x00007ffae6108000 	C:\Program Files\Android\Android Studio1\jbr\bin\zip.dll
0x00007ffb09b90000 - 0x00007ffb0a380000 	C:\Windows\System32\SHELL32.dll
0x00007ffb06f30000 - 0x00007ffb077fd000 	C:\Windows\SYSTEM32\windows.storage.dll
0x00007ffb06df0000 - 0x00007ffb06f2e000 	C:\Windows\SYSTEM32\wintypes.dll
0x00007ffb0ab50000 - 0x00007ffb0ac41000 	C:\Windows\System32\SHCORE.dll
0x00007ffb0b5b0000 - 0x00007ffb0b60e000 	C:\Windows\System32\shlwapi.dll
0x00007ffb08ea0000 - 0x00007ffb08ec1000 	C:\Windows\SYSTEM32\profapi.dll
0x00007ffad95a0000 - 0x00007ffad95b9000 	C:\Program Files\Android\Android Studio1\jbr\bin\net.dll
0x00007ffb006b0000 - 0x00007ffb007e7000 	C:\Windows\SYSTEM32\WINHTTP.dll
0x00007ffb083f0000 - 0x00007ffb08459000 	C:\Windows\system32\mswsock.dll
0x00007ffad9530000 - 0x00007ffad9543000 	C:\Program Files\Android\Android Studio1\jbr\bin\nio.dll
0x00007ffb03da0000 - 0x00007ffb03dc7000 	C:\Users\jhajh\.gradle\native\e1d6ef7f7dcc3fd88c89a11ec53ec762bb8ba0a96d01ffa2cd45eb1d1d8dd5c5\windows-amd64\native-platform.dll
0x00007ffab9a20000 - 0x00007ffab9b64000 	C:\Users\jhajh\.gradle\native\0d407fdbe67a94daf76414ababcb853783967236a71b16ec16e742cd7a986fd3\windows-amd64\native-platform-file-events.dll
0x00007ffae67e0000 - 0x00007ffae67ea000 	C:\Program Files\Android\Android Studio1\jbr\bin\management.dll
0x00007ffae5f30000 - 0x00007ffae5f3b000 	C:\Program Files\Android\Android Studio1\jbr\bin\management_ext.dll
0x00007ffb08690000 - 0x00007ffb086ab000 	C:\Windows\SYSTEM32\CRYPTSP.dll
0x00007ffb07ef0000 - 0x00007ffb07f25000 	C:\Windows\system32\rsaenh.dll
0x00007ffb08510000 - 0x00007ffb08538000 	C:\Windows\SYSTEM32\USERENV.dll
0x00007ffb08850000 - 0x00007ffb08878000 	C:\Windows\SYSTEM32\bcrypt.dll
0x00007ffb086b0000 - 0x00007ffb086bc000 	C:\Windows\SYSTEM32\CRYPTBASE.dll
0x00007ffb07a50000 - 0x00007ffb07a7d000 	C:\Windows\SYSTEM32\IPHLPAPI.DLL
0x00007ffb0b840000 - 0x00007ffb0b849000 	C:\Windows\System32\NSI.dll
0x00007ffb00a10000 - 0x00007ffb00a29000 	C:\Windows\SYSTEM32\dhcpcsvc6.DLL
0x00007ffb00640000 - 0x00007ffb0065f000 	C:\Windows\SYSTEM32\dhcpcsvc.DLL
0x00007ffb07ac0000 - 0x00007ffb07bb3000 	C:\Windows\SYSTEM32\DNSAPI.dll

dbghelp: loaded successfully - version: 4.0.5 - missing functions: none
symbol engine: initialized successfully - sym options: 0x614 - pdb path: .;C:\Program Files\Android\Android Studio1\jbr\bin;C:\Windows\SYSTEM32;C:\Windows\WinSxS\amd64_microsoft.windows.common-controls_6595b64144ccf1df_6.0.22621.608_none_a9444ca7c10bb01d;C:\Program Files\Android\Android Studio1\jbr\bin\server;C:\Users\jhajh\.gradle\native\e1d6ef7f7dcc3fd88c89a11ec53ec762bb8ba0a96d01ffa2cd45eb1d1d8dd5c5\windows-amd64;C:\Users\jhajh\.gradle\native\0d407fdbe67a94daf76414ababcb853783967236a71b16ec16e742cd7a986fd3\windows-amd64

VM Arguments:
jvm_args: -XX:MaxMetaspaceSize=512m --add-opens=java.base/java.util=ALL-UNNAMED --add-opens=java.base/java.lang=ALL-UNNAMED --add-opens=java.base/java.lang.invoke=ALL-UNNAMED --add-opens=java.base/java.util=ALL-UNNAMED --add-opens=java.prefs/java.util.prefs=ALL-UNNAMED --add-opens=java.prefs/java.util.prefs=ALL-UNNAMED --add-opens=java.base/java.nio.charset=ALL-UNNAMED --add-opens=java.base/java.net=ALL-UNNAMED --add-opens=java.base/java.util.concurrent.atomic=ALL-UNNAMED -Xmx2048m -Dfile.encoding=windows-1252 -Duser.country=US -Duser.language=en -Duser.variant 
java_command: org.gradle.launcher.daemon.bootstrap.GradleDaemon 7.5.1
java_class_path (initial): C:\Users\jhajh\.gradle\wrapper\dists\gradle-7.5.1-all\1ehga6e77gqps5uk2kc5kf1vc\gradle-7.5.1\lib\gradle-launcher-7.5.1.jar
Launcher Type: SUN_STANDARD

[Global flags]
     intx CICompilerCount                          = 3                                         {product} {ergonomic}
   size_t CompressedClassSpaceSize                 = 528482304                                 {product} {ergonomic}
     uint ConcGCThreads                            = 1                                         {product} {ergonomic}
     uint G1ConcRefinementThreads                  = 4                                         {product} {ergonomic}
   size_t G1HeapRegionSize                         = 1048576                                   {product} {ergonomic}
    uintx GCDrainStackTargetSize                   = 64                                        {product} {ergonomic}
   size_t InitialHeapSize                          = 130023424                                 {product} {ergonomic}
   size_t MarkStackSize                            = 4194304                                   {product} {ergonomic}
   size_t MaxHeapSize                              = 2147483648                                {product} {command line}
   size_t MaxMetaspaceSize                         = 536870912                                 {product} {command line}
   size_t MaxNewSize                               = 1287651328                                {product} {ergonomic}
   size_t MinHeapDeltaBytes                        = 1048576                                   {product} {ergonomic}
    uintx NonNMethodCodeHeapSize                   = 5830732                                {pd product} {ergonomic}
    uintx NonProfiledCodeHeapSize                  = 122913754                              {pd product} {ergonomic}
    uintx ProfiledCodeHeapSize                     = 122913754                              {pd product} {ergonomic}
    uintx ReservedCodeCacheSize                    = 251658240                              {pd product} {ergonomic}
     bool SegmentedCodeCache                       = true                                      {product} {ergonomic}
     bool UseCompressedClassPointers               = true                                 {lp64_product} {ergonomic}
     bool UseCompressedOops                        = true                                 {lp64_product} {ergonomic}
     bool UseG1GC                                  = true                                      {product} {ergonomic}
     bool UseLargePagesIndividualAllocation        = false                                  {pd product} {ergonomic}

Logging:
Log output configuration:
 #0: stdout all=warning uptime,level,tags
 #1: stderr all=off uptime,level,tags

Environment Variables:
JAVA_HOME=C:\Program Files\Microsoft\jdk-11.0.18.10-hotspot\
PATH=C:\Program Files\Microsoft\jdk-11.0.18.10-hotspot\bin;C:\Program Files (x86)\Common Files\Oracle\Java\javapath;C:\Windows\system32;C:\Windows;C:\Windows\System32\Wbem;C:\Windows\System32\WindowsPowerShell\v1.0\;C:\Windows\System32\OpenSSH\;C:\Users\jhajh\AppData\Roaming\nvm;C:\Program Files\nodejs;C:\Program Files\Git\cmd;C:\Users\jhajh\AppData\Local\Packages\PythonSoftwareFoundation.Python.3.10_qbz5n2kfra8p0\LocalCache\local-packages\Python310\Scripts;C:\ProgramData\chocolatey\bin;C:\Users\jhajh\AppData\Local\Android\Sdk\platform-tools;C:\Ruby27-x64\bin;C:\Users\jhajh\AppData\Local\Microsoft\WindowsApps;C:\Users\jhajh\AppData\Roaming\nvm;C:\Program Files\nodejs;C:\Users\jhajh\AppData\Local\Programs\Microsoft VS Code\bin;C:\Users\jhajh\AppData\Local\GitHubDesktop\bin;C:\Users\jhajh\AppData\Local\Programs\mongosh\
USERNAME=jhajh
OS=Windows_NT
PROCESSOR_IDENTIFIER=Intel64 Family 6 Model 126 Stepping 5, GenuineIntel



---------------  S Y S T E M  ---------------

OS: Windows 11 , 64 bit Build 22621 (10.0.22621.1485)
OS uptime: 0 days 7:17 hours
Hyper-V role detected

CPU:total 4 (initial active 4) (2 cores per cpu, 2 threads per core) family 6 model 126 stepping 5 microcode 0xa0, cmov, cx8, fxsr, mmx, sse, sse2, sse3, ssse3, sse4.1, sse4.2, popcnt, avx, avx2, aes, clmul, erms, 3dnowpref, lzcnt, ht, tsc, tscinvbit, bmi1, bmi2, adx, evex, sha, fma

Memory: 4k page, system-wide physical 7880M (572M free)
TotalPageFile size 19040M (AvailPageFile size 5M)
current process WorkingSet (physical memory assigned to process): 329M, peak: 333M
current process commit charge ("private bytes"): 359M, peak: 364M

vm_info: OpenJDK 64-Bit Server VM (11.0.15+0-b2043.56-9505619) for windows-amd64 JRE (11.0.15+0-b2043.56-9505619), built on Jan 19 2023 02:48:00 by "builduser" with unknown MS VC++:1929

END.
